#  step      rmse_val    rmse_trn    rmse_e_val  rmse_e_trn    rmse_f_val  rmse_f_trn         lr
      0      2.64e+01    2.54e+01      6.74e-01    6.68e-01      8.35e-01    8.02e-01    1.0e-03
    100      1.34e+01    1.35e+01      9.05e-02    8.93e-02      4.23e-01    4.28e-01    1.0e-03
    200      6.79e+00    6.41e+00      4.66e-02    4.26e-02      2.15e-01    2.03e-01    1.0e-03
    300      5.81e+00    5.23e+00      5.13e-02    3.44e-02      1.84e-01    1.65e-01    1.0e-03
    400      6.86e+00    6.47e+00      7.51e-02    7.80e-02      2.17e-01    2.04e-01    1.0e-03
    500      5.70e+00    5.44e+00      7.62e-02    6.29e-02      1.80e-01    1.72e-01    1.0e-03
    600      5.03e+00    4.48e+00      7.44e-02    7.21e-02      1.59e-01    1.42e-01    1.0e-03
    700      4.92e+00    5.01e+00      1.74e-02    1.77e-02      1.55e-01    1.58e-01    1.0e-03
    800      4.57e+00    4.51e+00      2.72e-02    2.66e-02      1.44e-01    1.43e-01    1.0e-03
    900      4.46e+00    4.84e+00      1.48e-02    1.78e-02      1.41e-01    1.53e-01    1.0e-03
   1000      4.40e+00    4.48e+00      7.88e-03    2.64e-03      1.39e-01    1.42e-01    1.0e-03
   1100      4.02e+00    3.75e+00      7.12e-03    8.94e-03      1.27e-01    1.18e-01    1.0e-03
   1200      3.89e+00    5.55e+00      1.47e-02    6.84e-03      1.23e-01    1.75e-01    1.0e-03
   1300      4.17e+00    4.27e+00      4.44e-02    3.96e-02      1.32e-01    1.35e-01    1.0e-03
   1400      3.79e+00    3.34e+00      4.39e-02    4.97e-02      1.20e-01    1.05e-01    1.0e-03
   1500      3.51e+00    3.54e+00      4.15e-02    3.26e-02      1.11e-01    1.12e-01    1.0e-03
   1600      3.52e+00    3.57e+00      9.29e-03    4.03e-03      1.11e-01    1.13e-01    1.0e-03
   1700      3.75e+00    3.68e+00      4.94e-02    5.22e-02      1.19e-01    1.16e-01    1.0e-03
   1800      3.20e+00    2.98e+00      1.25e-02    3.86e-03      1.01e-01    9.42e-02    1.0e-03
   1900      3.60e+00    3.52e+00      1.97e-02    1.51e-02      1.14e-01    1.11e-01    1.0e-03
   2000      3.06e+00    3.16e+00      4.15e-02    2.80e-02      9.66e-02    1.00e-01    1.0e-03
   2100      3.15e+00    3.10e+00      3.61e-02    3.96e-02      9.97e-02    9.79e-02    1.0e-03
   2200      3.19e+00    3.20e+00      1.16e-01    1.20e-01      1.01e-01    1.01e-01    1.0e-03
   2300      3.21e+00    3.09e+00      1.62e-02    2.01e-02      1.01e-01    9.76e-02    1.0e-03
   2400      3.33e+00    3.40e+00      1.62e-02    1.10e-02      1.05e-01    1.07e-01    1.0e-03
   2500      3.02e+00    2.83e+00      3.40e-02    2.61e-02      9.56e-02    8.95e-02    1.0e-03
   2600      3.62e+00    3.71e+00      3.10e-02    2.68e-02      1.14e-01    1.17e-01    1.0e-03
   2700      3.79e+00    3.74e+00      1.52e-02    1.41e-02      1.20e-01    1.18e-01    1.0e-03
   2800      3.00e+00    2.94e+00      6.43e-02    6.74e-02      9.47e-02    9.30e-02    1.0e-03
   2900      2.96e+00    2.87e+00      1.29e-02    4.71e-03      9.36e-02    9.06e-02    1.0e-03
   3000      3.24e+00    3.19e+00      1.79e-02    2.17e-02      1.02e-01    1.01e-01    1.0e-03
   3100      4.54e+00    4.25e+00      4.99e-02    4.59e-02      1.44e-01    1.34e-01    1.0e-03
   3200      3.01e+00    2.78e+00      5.68e-02    5.84e-02      9.51e-02    8.78e-02    1.0e-03
   3300      2.88e+00    3.03e+00      2.00e-02    1.12e-02      9.11e-02    9.58e-02    1.0e-03
   3400      3.52e+00    3.90e+00      3.28e-02    4.42e-02      1.11e-01    1.23e-01    1.0e-03
   3500      3.03e+00    3.55e+00      1.97e-02    2.05e-02      9.59e-02    1.12e-01    1.0e-03
   3600      3.20e+00    3.23e+00      2.73e-02    2.28e-02      1.01e-01    1.02e-01    1.0e-03
   3700      3.12e+00    2.86e+00      2.93e-02    1.79e-02      9.86e-02    9.05e-02    1.0e-03
   3800      2.85e+00    2.88e+00      3.68e-02    3.94e-02      9.00e-02    9.11e-02    1.0e-03
   3900      2.84e+00    2.97e+00      5.55e-02    4.77e-02      8.97e-02    9.39e-02    1.0e-03
   4000      3.23e+00    3.14e+00      2.84e-02    2.88e-02      1.02e-01    9.92e-02    1.0e-03
   4100      2.77e+00    2.89e+00      6.63e-02    6.37e-02      8.76e-02    9.14e-02    1.0e-03
   4200      2.80e+00    2.93e+00      4.89e-02    3.71e-02      8.86e-02    9.28e-02    1.0e-03
   4300      2.72e+00    2.76e+00      4.54e-02    5.46e-02      8.59e-02    8.74e-02    1.0e-03
   4400      2.75e+00    3.22e+00      7.39e-02    8.55e-02      8.69e-02    1.02e-01    1.0e-03
   4500      2.73e+00    3.03e+00      3.23e-02    3.06e-02      8.63e-02    9.57e-02    1.0e-03
   4600      3.25e+00    3.64e+00      8.12e-03    7.17e-04      1.03e-01    1.15e-01    1.0e-03
   4700      2.74e+00    2.73e+00      7.43e-03    2.14e-02      8.67e-02    8.63e-02    1.0e-03
   4800      2.56e+00    2.61e+00      7.66e-02    6.91e-02      8.09e-02    8.26e-02    1.0e-03
   4900      2.88e+00    2.83e+00      3.26e-02    2.56e-02      9.09e-02    8.96e-02    1.0e-03
   5000      3.00e+00    2.94e+00      4.44e-02    5.29e-02      9.73e-02    9.54e-02    9.5e-04
   5100      3.43e+00    3.24e+00      7.00e-03    1.93e-03      1.11e-01    1.05e-01    9.5e-04
   5200      2.74e+00    2.76e+00      4.45e-02    4.58e-02      8.90e-02    8.96e-02    9.5e-04
   5300      2.74e+00    2.80e+00      1.54e-02    6.38e-02      8.89e-02    9.06e-02    9.5e-04
   5400      2.90e+00    2.57e+00      4.44e-02    4.87e-02      9.41e-02    8.32e-02    9.5e-04
   5500      2.63e+00    2.91e+00      6.82e-03    4.57e-03      8.54e-02    9.44e-02    9.5e-04
   5600      2.47e+00    2.19e+00      6.69e-02    6.02e-02      8.01e-02    7.08e-02    9.5e-04
   5700      2.56e+00    2.32e+00      6.26e-03    1.44e-03      8.30e-02    7.53e-02    9.5e-04
   5800      2.97e+00    3.03e+00      5.91e-02    6.10e-02      9.62e-02    9.83e-02    9.5e-04
   5900      2.72e+00    2.74e+00      7.73e-03    3.62e-03      8.83e-02    8.90e-02    9.5e-04
   6000      2.53e+00    2.58e+00      7.02e-02    9.12e-02      8.19e-02    8.32e-02    9.5e-04
   6100      2.36e+00    2.16e+00      9.53e-03    6.56e-03      7.65e-02    7.01e-02    9.5e-04
   6200      2.79e+00    3.12e+00      1.19e-02    1.70e-02      9.05e-02    1.01e-01    9.5e-04
   6300      2.64e+00    2.81e+00      6.57e-02    6.75e-02      8.56e-02    9.09e-02    9.5e-04
   6400      2.86e+00    2.68e+00      7.04e-02    6.33e-02      9.27e-02    8.67e-02    9.5e-04
   6500      2.49e+00    2.70e+00      5.23e-02    4.66e-02      8.06e-02    8.76e-02    9.5e-04
   6600      2.55e+00    2.79e+00      2.96e-02    3.72e-02      8.28e-02    9.06e-02    9.5e-04
   6700      3.26e+00    2.96e+00      6.50e-03    8.01e-03      1.06e-01    9.62e-02    9.5e-04
   6800      2.46e+00    2.34e+00      6.71e-03    6.54e-03      7.98e-02    7.59e-02    9.5e-04
   6900      2.47e+00    2.36e+00      9.35e-02    8.64e-02      7.97e-02    7.62e-02    9.5e-04
   7000      2.36e+00    2.21e+00      4.72e-02    2.72e-02      7.66e-02    7.17e-02    9.5e-04
   7100      2.51e+00    2.46e+00      5.96e-02    5.54e-02      8.12e-02    7.96e-02    9.5e-04
   7200      2.35e+00    2.52e+00      5.40e-02    5.91e-02      7.62e-02    8.15e-02    9.5e-04
   7300      2.77e+00    2.72e+00      7.57e-03    1.84e-02      8.99e-02    8.82e-02    9.5e-04
   7400      2.37e+00    2.32e+00      2.22e-02    2.35e-02      7.70e-02    7.52e-02    9.5e-04
   7500      3.05e+00    2.92e+00      6.52e-03    3.36e-03      9.90e-02    9.46e-02    9.5e-04
   7600      2.33e+00    2.37e+00      8.20e-03    1.98e-02      7.57e-02    7.69e-02    9.5e-04
   7700      2.45e+00    2.59e+00      1.24e-02    1.77e-02      7.94e-02    8.39e-02    9.5e-04
   7800      3.10e+00    3.06e+00      1.29e-02    7.27e-03      1.01e-01    9.92e-02    9.5e-04
   7900      2.98e+00    2.77e+00      1.35e-01    1.25e-01      9.62e-02    8.92e-02    9.5e-04
   8000      2.24e+00    2.12e+00      1.43e-02    1.94e-02      7.27e-02    6.89e-02    9.5e-04
   8100      2.39e+00    2.38e+00      1.10e-02    9.98e-03      7.76e-02    7.71e-02    9.5e-04
   8200      3.83e+00    3.64e+00      3.62e-02    2.10e-02      1.24e-01    1.18e-01    9.5e-04
   8300      2.40e+00    2.39e+00      8.28e-02    8.52e-02      7.76e-02    7.72e-02    9.5e-04
   8400      2.34e+00    2.44e+00      2.57e-02    1.95e-02      7.58e-02    7.90e-02    9.5e-04
   8500      2.44e+00    2.17e+00      2.98e-02    2.78e-02      7.92e-02    7.03e-02    9.5e-04
   8600      2.59e+00    2.93e+00      3.24e-02    3.47e-02      8.38e-02    9.52e-02    9.5e-04
   8700      3.33e+00    3.27e+00      6.06e-02    6.45e-02      1.08e-01    1.06e-01    9.5e-04
   8800      2.46e+00    2.53e+00      7.37e-02    8.70e-02      7.97e-02    8.18e-02    9.5e-04
   8900      2.45e+00    2.27e+00      4.65e-02    4.94e-02      7.93e-02    7.34e-02    9.5e-04
   9000      2.41e+00    2.13e+00      3.30e-02    2.80e-02      7.82e-02    6.92e-02    9.5e-04
   9100      2.33e+00    2.25e+00      9.02e-02    8.23e-02      7.52e-02    7.28e-02    9.5e-04
   9200      2.30e+00    2.06e+00      9.08e-03    5.85e-03      7.45e-02    6.69e-02    9.5e-04
   9300      2.24e+00    2.43e+00      1.78e-02    1.80e-02      7.27e-02    7.89e-02    9.5e-04
   9400      2.31e+00    2.08e+00      8.00e-03    1.83e-03      7.50e-02    6.75e-02    9.5e-04
   9500      2.15e+00    2.31e+00      5.12e-02    4.93e-02      6.95e-02    7.50e-02    9.5e-04
   9600      2.49e+00    2.24e+00      1.99e-02    2.66e-02      8.09e-02    7.28e-02    9.5e-04
   9700      2.17e+00    2.16e+00      4.66e-02    3.93e-02      7.01e-02    7.00e-02    9.5e-04
   9800      2.25e+00    2.95e+00      3.56e-02    4.50e-02      7.30e-02    9.55e-02    9.5e-04
   9900      2.17e+00    2.29e+00      2.97e-02    2.03e-02      7.04e-02    7.44e-02    9.5e-04
  10000      2.67e+00    2.41e+00      8.62e-02    7.80e-02      8.82e-02    7.97e-02    9.0e-04
  10100      2.37e+00    2.25e+00      3.25e-02    3.85e-02      7.88e-02    7.49e-02    9.0e-04
  10200      2.11e+00    1.90e+00      6.71e-03    5.67e-03      7.02e-02    6.32e-02    9.0e-04
  10300      2.02e+00    1.64e+00      1.06e-02    1.46e-02      6.72e-02    5.45e-02    9.0e-04
  10400      2.08e+00    2.03e+00      5.72e-02    4.97e-02      6.90e-02    6.72e-02    9.0e-04
  10500      2.92e+00    3.03e+00      1.90e-02    1.49e-02      9.73e-02    1.01e-01    9.0e-04
  10600      2.01e+00    1.75e+00      5.71e-02    5.25e-02      6.66e-02    5.81e-02    9.0e-04
  10700      2.20e+00    2.15e+00      4.31e-02    4.15e-02      7.29e-02    7.13e-02    9.0e-04
  10800      2.36e+00    2.23e+00      2.26e-02    1.76e-02      7.84e-02    7.41e-02    9.0e-04
  10900      2.19e+00    2.14e+00      6.70e-02    4.43e-02      7.25e-02    7.11e-02    9.0e-04
  11000      2.00e+00    1.66e+00      2.88e-02    2.41e-02      6.63e-02    5.52e-02    9.0e-04
  11100      2.20e+00    1.94e+00      1.56e-02    2.44e-02      7.31e-02    6.45e-02    9.0e-04
  11200      2.00e+00    1.77e+00      6.89e-03    7.98e-03      6.65e-02    5.90e-02    9.0e-04
  11300      1.94e+00    1.75e+00      1.51e-02    1.32e-02      6.46e-02    5.82e-02    9.0e-04
  11400      2.81e+00    2.75e+00      1.54e-02    2.89e-02      9.35e-02    9.14e-02    9.0e-04
  11500      3.55e+00    2.99e+00      7.46e-03    1.36e-02      1.18e-01    9.96e-02    9.0e-04
  11600      2.69e+00    2.43e+00      6.09e-02    5.46e-02      8.94e-02    8.07e-02    9.0e-04
  11700      1.99e+00    2.25e+00      2.18e-02    8.46e-02      6.62e-02    7.44e-02    9.0e-04
  11800      2.03e+00    2.25e+00      3.57e-02    3.32e-02      6.76e-02    7.47e-02    9.0e-04
  11900      2.15e+00    1.85e+00      1.17e-02    1.99e-03      7.15e-02    6.17e-02    9.0e-04
  12000      2.44e+00    2.39e+00      2.04e-02    3.04e-02      8.13e-02    7.96e-02    9.0e-04
  12100      2.19e+00    2.05e+00      3.69e-02    3.73e-02      7.29e-02    6.82e-02    9.0e-04
  12200      2.07e+00    1.82e+00      6.98e-02    6.77e-02      6.85e-02    6.01e-02    9.0e-04
  12300      2.10e+00    2.00e+00      1.39e-02    1.04e-02      6.99e-02    6.67e-02    9.0e-04
  12400      2.31e+00    2.37e+00      6.16e-02    6.26e-02      7.66e-02    7.87e-02    9.0e-04
  12500      2.09e+00    1.96e+00      2.03e-02    8.89e-03      6.97e-02    6.51e-02    9.0e-04
  12600      2.74e+00    2.56e+00      2.64e-02    1.94e-02      9.12e-02    8.51e-02    9.0e-04
  12700      2.12e+00    1.93e+00      1.18e-02    1.69e-02      7.05e-02    6.42e-02    9.0e-04
  12800      2.02e+00    1.88e+00      2.72e-02    3.22e-02      6.72e-02    6.25e-02    9.0e-04
  12900      2.08e+00    2.00e+00      2.72e-02    1.92e-02      6.93e-02    6.64e-02    9.0e-04
  13000      1.91e+00    2.06e+00      3.23e-02    4.12e-02      6.35e-02    6.84e-02    9.0e-04
  13100      2.04e+00    2.24e+00      5.03e-02    6.04e-02      6.75e-02    7.44e-02    9.0e-04
  13200      2.09e+00    2.10e+00      1.35e-02    1.40e-02      6.97e-02    7.00e-02    9.0e-04
  13300      2.33e+00    2.22e+00      9.86e-02    9.82e-02      7.66e-02    7.29e-02    9.0e-04
  13400      5.45e+00    5.62e+00      9.61e-02    1.09e-01      1.81e-01    1.87e-01    9.0e-04
  13500      3.93e+00    4.04e+00      1.52e-02    9.66e-03      1.31e-01    1.34e-01    9.0e-04
  13600      3.51e+00    3.09e+00      4.26e-02    4.27e-02      1.17e-01    1.03e-01    9.0e-04
  13700      3.29e+00    3.53e+00      2.51e-02    1.86e-02      1.09e-01    1.17e-01    9.0e-04
  13800      2.98e+00    2.73e+00      1.36e-02    1.08e-02      9.93e-02    9.07e-02    9.0e-04
  13900      3.18e+00    3.38e+00      6.27e-03    5.20e-03      1.06e-01    1.13e-01    9.0e-04
  14000      3.19e+00    3.00e+00      1.55e-02    5.24e-03      1.06e-01    9.99e-02    9.0e-04
  14100      2.66e+00    2.41e+00      4.36e-02    5.14e-02      8.85e-02    8.00e-02    9.0e-04
  14200      2.90e+00    2.85e+00      2.68e-02    2.38e-02      9.66e-02    9.48e-02    9.0e-04
  14300      2.68e+00    2.22e+00      8.61e-03    1.39e-03      8.92e-02    7.38e-02    9.0e-04
  14400      2.78e+00    2.68e+00      9.37e-03    9.44e-03      9.25e-02    8.93e-02    9.0e-04
  14500      2.62e+00    2.45e+00      9.70e-03    1.12e-02      8.73e-02    8.15e-02    9.0e-04
  14600      2.55e+00    2.40e+00      3.13e-02    2.34e-02      8.49e-02    7.97e-02    9.0e-04
  14700      2.48e+00    2.30e+00      1.01e-02    7.71e-03      8.26e-02    7.67e-02    9.0e-04
  14800      2.41e+00    2.21e+00      2.77e-02    4.23e-02      8.02e-02    7.35e-02    9.0e-04
  14900      2.36e+00    2.45e+00      2.91e-02    3.01e-02      7.85e-02    8.13e-02    9.0e-04
  15000      2.28e+00    2.39e+00      1.89e-02    3.01e-02      7.79e-02    8.15e-02    8.6e-04
  15100      2.39e+00    2.15e+00      7.07e-03    1.06e-02      8.17e-02    7.34e-02    8.6e-04
  15200      2.26e+00    2.19e+00      1.23e-02    2.02e-02      7.71e-02    7.49e-02    8.6e-04
  15300      2.38e+00    2.11e+00      2.49e-02    2.34e-02      8.11e-02    7.21e-02    8.6e-04
  15400      2.24e+00    2.48e+00      8.49e-03    6.18e-03      7.66e-02    8.48e-02    8.6e-04
  15500      2.28e+00    2.04e+00      9.46e-03    9.91e-04      7.78e-02    6.98e-02    8.6e-04
  15600      2.33e+00    2.41e+00      2.01e-02    1.49e-02      7.94e-02    8.23e-02    8.6e-04
  15700      2.22e+00    2.23e+00      1.82e-02    1.35e-02      7.58e-02    7.60e-02    8.6e-04
  15800      2.44e+00    2.38e+00      2.42e-02    2.81e-02      8.31e-02    8.12e-02    8.6e-04
  15900      2.31e+00    2.71e+00      2.50e-02    3.18e-02      7.87e-02    9.26e-02    8.6e-04
  16000      2.43e+00    2.35e+00      9.32e-03    2.24e-02      8.30e-02    8.04e-02    8.6e-04
  16100      2.07e+00    2.46e+00      3.17e-02    2.52e-02      7.04e-02    8.39e-02    8.6e-04
  16200      2.47e+00    2.39e+00      3.73e-02    4.07e-02      8.42e-02    8.15e-02    8.6e-04
  16300      2.28e+00    2.65e+00      8.40e-03    1.62e-03      7.78e-02    9.05e-02    8.6e-04
  16400      2.26e+00    2.31e+00      6.88e-02    6.81e-02      7.65e-02    7.84e-02    8.6e-04
  16500      2.09e+00    1.91e+00      4.19e-02    3.36e-02      7.11e-02    6.52e-02    8.6e-04
  16600      2.16e+00    1.78e+00      7.07e-03    1.15e-02      7.37e-02    6.07e-02    8.6e-04
  16700      2.03e+00    2.09e+00      6.30e-03    1.45e-02      6.92e-02    7.13e-02    8.6e-04
  16800      2.13e+00    2.22e+00      8.10e-03    1.08e-02      7.29e-02    7.59e-02    8.6e-04
  16900      2.11e+00    2.22e+00      4.43e-02    4.24e-02      7.17e-02    7.56e-02    8.6e-04
  17000      2.20e+00    1.74e+00      6.47e-03    1.30e-02      7.51e-02    5.95e-02    8.6e-04
  17100      2.11e+00    2.23e+00      2.92e-02    3.70e-02      7.21e-02    7.58e-02    8.6e-04
  17200      2.08e+00    2.16e+00      1.82e-02    1.12e-02      7.09e-02    7.36e-02    8.6e-04
  17300      1.96e+00    2.26e+00      7.02e-03    1.23e-02      6.70e-02    7.72e-02    8.6e-04
  17400      1.99e+00    2.31e+00      3.15e-02    2.12e-02      6.78e-02    7.88e-02    8.6e-04
  17500      2.33e+00    2.31e+00      9.69e-03    1.42e-02      7.95e-02    7.87e-02    8.6e-04
  17600      2.03e+00    2.18e+00      1.18e-02    9.20e-03      6.92e-02    7.45e-02    8.6e-04
  17700      2.03e+00    1.96e+00      1.55e-02    4.33e-03      6.94e-02    6.71e-02    8.6e-04
  17800      2.04e+00    1.94e+00      1.92e-02    1.63e-02      6.97e-02    6.63e-02    8.6e-04
  17900      2.12e+00    1.99e+00      1.02e-02    3.60e-03      7.23e-02    6.78e-02    8.6e-04
  18000      2.40e+00    2.07e+00      6.75e-02    5.72e-02      8.14e-02    7.02e-02    8.6e-04
  18100      2.02e+00    2.10e+00      6.89e-02    5.24e-02      6.82e-02    7.13e-02    8.6e-04
  18200      2.00e+00    2.09e+00      3.14e-02    3.75e-02      6.80e-02    7.12e-02    8.6e-04
  18300      2.12e+00    2.27e+00      3.47e-02    2.53e-02      7.23e-02    7.73e-02    8.6e-04
  18400      1.90e+00    1.96e+00      7.06e-03    2.25e-03      6.47e-02    6.68e-02    8.6e-04
  18500      2.20e+00    2.04e+00      2.38e-02    1.93e-02      7.49e-02    6.95e-02    8.6e-04
  18600      2.17e+00    2.28e+00      3.05e-02    1.28e-02      7.39e-02    7.78e-02    8.6e-04
  18700      2.07e+00    1.86e+00      7.09e-03    1.76e-03      7.05e-02    6.36e-02    8.6e-04
  18800      1.92e+00    1.80e+00      6.86e-02    5.67e-02      6.50e-02    6.11e-02    8.6e-04
  18900      1.93e+00    1.89e+00      7.66e-02    8.14e-02      6.51e-02    6.38e-02    8.6e-04
  19000      1.93e+00    1.92e+00      6.91e-03    7.44e-03      6.57e-02    6.55e-02    8.6e-04
  19100      1.95e+00    1.91e+00      4.31e-02    3.49e-02      6.64e-02    6.49e-02    8.6e-04
  19200      2.04e+00    2.16e+00      8.09e-03    3.00e-04      6.95e-02    7.36e-02    8.6e-04
  19300      2.29e+00    2.35e+00      7.50e-03    6.97e-03      7.82e-02    8.02e-02    8.6e-04
  19400      1.91e+00    1.81e+00      2.78e-02    3.36e-02      6.51e-02    6.18e-02    8.6e-04
  19500      1.89e+00    1.53e+00      2.54e-02    9.97e-03      6.43e-02    5.23e-02    8.6e-04
  19600      2.44e+00    2.21e+00      7.41e-03    7.60e-04      8.34e-02    7.54e-02    8.6e-04
  19700      1.99e+00    1.82e+00      3.26e-02    2.65e-02      6.77e-02    6.20e-02    8.6e-04
  19800      2.02e+00    1.91e+00      3.17e-02    2.69e-02      6.87e-02    6.52e-02    8.6e-04
  19900      1.86e+00    1.70e+00      1.73e-02    1.18e-02      6.36e-02    5.80e-02    8.6e-04
  20000      2.09e+00    2.07e+00      4.32e-02    4.24e-02      7.30e-02    7.22e-02    8.1e-04
  20100      2.05e+00    2.21e+00      4.65e-02    4.77e-02      7.15e-02    7.72e-02    8.1e-04
  20200      1.92e+00    1.87e+00      7.96e-03    8.62e-03      6.74e-02    6.57e-02    8.1e-04
  20300      1.83e+00    1.62e+00      2.05e-02    9.58e-03      6.39e-02    5.69e-02    8.1e-04
  20400      1.86e+00    1.67e+00      3.28e-02    3.35e-02      6.50e-02    5.83e-02    8.1e-04
  20500      1.75e+00    1.60e+00      1.58e-02    9.28e-03      6.13e-02    5.61e-02    8.1e-04
  20600      2.05e+00    2.06e+00      6.55e-03    9.74e-03      7.19e-02    7.20e-02    8.1e-04
  20700      1.80e+00    1.58e+00      6.20e-02    5.74e-02      6.21e-02    5.45e-02    8.1e-04
  20800      1.95e+00    2.00e+00      3.51e-02    3.41e-02      6.80e-02    6.99e-02    8.1e-04
  20900      1.78e+00    1.60e+00      3.25e-02    3.61e-02      6.22e-02    5.58e-02    8.1e-04
  21000      1.75e+00    1.79e+00      9.64e-03    2.19e-02      6.11e-02    6.25e-02    8.1e-04
  21100      1.76e+00    1.83e+00      2.37e-02    1.34e-02      6.16e-02    6.42e-02    8.1e-04
  21200      1.85e+00    1.72e+00      3.81e-02    4.09e-02      6.45e-02    6.00e-02    8.1e-04
  21300      2.29e+00    2.10e+00      1.38e-02    1.08e-02      8.01e-02    7.35e-02    8.1e-04
  21400      1.97e+00    2.12e+00      4.45e-02    4.23e-02      6.86e-02    7.40e-02    8.1e-04
  21500      1.80e+00    2.23e+00      7.78e-03    1.21e-02      6.31e-02    7.81e-02    8.1e-04
  21600      1.92e+00    1.68e+00      6.20e-02    6.40e-02      6.67e-02    5.81e-02    8.1e-04
  21700      1.65e+00    1.54e+00      6.69e-03    7.54e-03      5.79e-02    5.41e-02    8.1e-04
  21800      1.78e+00    1.77e+00      5.87e-02    4.71e-02      6.16e-02    6.15e-02    8.1e-04
  21900      2.10e+00    2.09e+00      1.01e-02    1.46e-02      7.35e-02    7.32e-02    8.1e-04
  22000      1.83e+00    1.72e+00      6.60e-03    5.89e-03      6.41e-02    6.02e-02    8.1e-04
  22100      1.74e+00    2.04e+00      2.57e-02    2.80e-02      6.10e-02    7.12e-02    8.1e-04
  22200      2.49e+00    2.28e+00      6.85e-03    1.12e-02      8.73e-02    8.00e-02    8.1e-04
  22300      1.81e+00    1.93e+00      4.31e-02    3.47e-02      6.30e-02    6.73e-02    8.1e-04
  22400      1.83e+00    1.59e+00      2.66e-02    1.45e-02      6.39e-02    5.57e-02    8.1e-04
  22500      1.66e+00    1.66e+00      7.67e-03    1.13e-02      5.80e-02    5.83e-02    8.1e-04
  22600      1.75e+00    1.72e+00      5.26e-02    6.61e-02      6.06e-02    5.95e-02    8.1e-04
  22700      2.16e+00    2.01e+00      6.67e-02    7.29e-02      7.51e-02    6.95e-02    8.1e-04
  22800      1.67e+00    1.86e+00      4.74e-02    3.34e-02      5.79e-02    6.51e-02    8.1e-04
  22900      1.71e+00    1.59e+00      2.41e-02    2.51e-02      5.97e-02    5.54e-02    8.1e-04
  23000      2.01e+00    1.90e+00      2.21e-02    1.51e-02      7.02e-02    6.64e-02    8.1e-04
  23100      1.71e+00    1.97e+00      1.51e-02    1.58e-02      5.98e-02    6.90e-02    8.1e-04
  23200      1.68e+00    1.49e+00      7.34e-03    6.47e-03      5.87e-02    5.21e-02    8.1e-04
  23300      1.80e+00    1.74e+00      2.39e-02    3.85e-03      6.30e-02    6.11e-02    8.1e-04
  23400      1.78e+00    1.83e+00      1.96e-02    3.44e-03      6.23e-02    6.40e-02    8.1e-04
  23500      1.67e+00    1.51e+00      6.92e-03    9.97e-03      5.85e-02    5.28e-02    8.1e-04
  23600      2.03e+00    2.06e+00      1.19e-02    2.29e-02      7.12e-02    7.21e-02    8.1e-04
  23700      1.84e+00    1.72e+00      5.11e-02    5.13e-02      6.40e-02    5.97e-02    8.1e-04
  23800      1.66e+00    1.79e+00      3.15e-02    3.79e-02      5.78e-02    6.25e-02    8.1e-04
  23900      1.88e+00    1.75e+00      1.55e-02    2.96e-02      6.58e-02    6.11e-02    8.1e-04
  24000      1.73e+00    1.83e+00      3.13e-02    3.59e-02      6.05e-02    6.38e-02    8.1e-04
  24100      1.96e+00    1.82e+00      3.10e-02    3.52e-02      6.83e-02    6.36e-02    8.1e-04
  24200      1.77e+00    1.68e+00      9.34e-03    4.58e-03      6.20e-02    5.89e-02    8.1e-04
  24300      1.71e+00    1.94e+00      8.61e-03    9.30e-03      6.00e-02    6.81e-02    8.1e-04
  24400      1.64e+00    1.57e+00      2.42e-02    1.55e-02      5.74e-02    5.49e-02    8.1e-04
  24500      1.84e+00    1.52e+00      4.15e-02    4.87e-02      6.40e-02    5.26e-02    8.1e-04
  24600      1.92e+00    1.73e+00      6.04e-02    6.46e-02      6.66e-02    5.99e-02    8.1e-04
  24700      1.63e+00    1.48e+00      2.31e-02    3.65e-02      5.71e-02    5.15e-02    8.1e-04
  24800      1.71e+00    1.83e+00      7.78e-02    6.39e-02      5.85e-02    6.35e-02    8.1e-04
  24900      1.76e+00    1.70e+00      2.07e-02    1.08e-02      6.15e-02    5.96e-02    8.1e-04
  25000      1.72e+00    1.63e+00      8.20e-03    1.41e-02      6.19e-02    5.84e-02    7.7e-04
  25100      1.61e+00    1.41e+00      1.55e-02    2.02e-02      5.79e-02    5.04e-02    7.7e-04
  25200      1.63e+00    1.42e+00      6.57e-03    3.73e-03      5.85e-02    5.12e-02    7.7e-04
  25300      1.76e+00    1.90e+00      1.39e-02    3.82e-03      6.31e-02    6.81e-02    7.7e-04
  25400      1.59e+00    1.54e+00      2.23e-02    1.60e-02      5.72e-02    5.54e-02    7.7e-04
  25500      2.12e+00    2.06e+00      1.49e-02    3.07e-02      7.61e-02    7.38e-02    7.7e-04
  25600      1.56e+00    1.43e+00      2.94e-02    2.23e-02      5.58e-02    5.12e-02    7.7e-04
  25700      1.77e+00    1.72e+00      5.06e-02    5.05e-02      6.32e-02    6.12e-02    7.7e-04
  25800      1.71e+00    1.63e+00      4.39e-02    4.96e-02      6.09e-02    5.79e-02    7.7e-04
  25900      1.82e+00    1.71e+00      3.64e-02    3.07e-02      6.53e-02    6.11e-02    7.7e-04
  26000      1.54e+00    1.60e+00      6.75e-03    1.05e-03      5.55e-02    5.74e-02    7.7e-04
  26100      1.60e+00    1.37e+00      3.93e-02    3.79e-02      5.69e-02    4.90e-02    7.7e-04
  26200      1.69e+00    1.62e+00      1.68e-02    1.60e-02      6.08e-02    5.83e-02    7.7e-04
  26300      1.58e+00    1.53e+00      4.33e-02    3.81e-02      5.63e-02    5.46e-02    7.7e-04
  26400      1.65e+00    1.83e+00      2.69e-02    3.53e-02      5.91e-02    6.54e-02    7.7e-04
  26500      1.58e+00    1.61e+00      2.66e-02    3.74e-02      5.65e-02    5.74e-02    7.7e-04
  26600      1.58e+00    1.52e+00      7.67e-03    1.35e-03      5.67e-02    5.46e-02    7.7e-04
  26700      1.64e+00    1.61e+00      1.52e-02    1.61e-02      5.90e-02    5.77e-02    7.7e-04
  26800      1.76e+00    1.53e+00      4.57e-02    4.85e-02      6.29e-02    5.43e-02    7.7e-04
  26900      1.63e+00    1.53e+00      2.84e-02    3.39e-02      5.83e-02    5.47e-02    7.7e-04
  27000      1.69e+00    1.69e+00      6.65e-02    8.17e-02      5.97e-02    5.89e-02    7.7e-04
  27100      1.58e+00    1.54e+00      7.16e-03    9.31e-04      5.68e-02    5.54e-02    7.7e-04
  27200      1.62e+00    1.73e+00      1.05e-02    6.46e-03      5.82e-02    6.22e-02    7.7e-04
  27300      1.78e+00    1.60e+00      3.85e-02    4.63e-02      6.38e-02    5.68e-02    7.7e-04
  27400      1.60e+00    1.49e+00      3.11e-02    4.71e-02      5.71e-02    5.30e-02    7.7e-04
  27500      1.79e+00    1.85e+00      3.77e-02    4.41e-02      6.41e-02    6.61e-02    7.7e-04
  27600      1.54e+00    1.49e+00      9.99e-03    5.24e-04      5.51e-02    5.36e-02    7.7e-04
  27700      1.51e+00    1.54e+00      1.67e-02    1.25e-02      5.42e-02    5.53e-02    7.7e-04
  27800      1.61e+00    1.59e+00      4.62e-02    4.36e-02      5.73e-02    5.68e-02    7.7e-04
  27900      1.56e+00    1.76e+00      2.05e-02    2.35e-02      5.61e-02    6.31e-02    7.7e-04
  28000      1.98e+00    1.88e+00      1.70e-02    2.47e-02      7.12e-02    6.75e-02    7.7e-04
  28100      1.58e+00    1.60e+00      6.95e-03    2.21e-03      5.67e-02    5.76e-02    7.7e-04
  28200      1.52e+00    1.43e+00      4.17e-02    4.15e-02      5.40e-02    5.09e-02    7.7e-04
  28300      1.55e+00    1.37e+00      2.74e-02    2.97e-02      5.55e-02    4.91e-02    7.7e-04
  28400      1.59e+00    1.48e+00      4.10e-02    3.87e-02      5.65e-02    5.29e-02    7.7e-04
  28500      1.51e+00    1.72e+00      2.31e-02    2.54e-02      5.40e-02    6.16e-02    7.7e-04
  28600      1.61e+00    1.39e+00      1.97e-02    1.14e-02      5.78e-02    5.00e-02    7.7e-04
  28700      1.48e+00    1.48e+00      7.15e-03    1.01e-02      5.31e-02    5.31e-02    7.7e-04
  28800      1.95e+00    1.92e+00      3.33e-02    2.10e-02      6.97e-02    6.91e-02    7.7e-04
  28900      1.52e+00    1.68e+00      1.35e-02    1.38e-02      5.46e-02    6.03e-02    7.7e-04
  29000      1.50e+00    1.50e+00      1.65e-02    9.46e-03      5.37e-02    5.39e-02    7.7e-04
  29100      1.55e+00    1.55e+00      1.30e-02    1.13e-02      5.55e-02    5.58e-02    7.7e-04
  29200      1.62e+00    1.77e+00      1.28e-02    3.00e-02      5.80e-02    6.34e-02    7.7e-04
  29300      1.54e+00    1.34e+00      2.13e-02    1.83e-02      5.51e-02    4.81e-02    7.7e-04
  29400      1.52e+00    1.28e+00      1.08e-02    1.50e-02      5.45e-02    4.61e-02    7.7e-04
  29500      1.56e+00    1.45e+00      1.04e-02    1.34e-02      5.61e-02    5.20e-02    7.7e-04
  29600      1.49e+00    1.36e+00      2.03e-02    2.12e-02      5.34e-02    4.88e-02    7.7e-04
  29700      1.62e+00    1.41e+00      2.60e-02    2.46e-02      5.79e-02    5.04e-02    7.7e-04
  29800      1.46e+00    1.47e+00      1.60e-02    3.24e-02      5.25e-02    5.26e-02    7.7e-04
  29900      1.48e+00    1.58e+00      4.13e-02    3.11e-02      5.28e-02    5.64e-02    7.7e-04
  30000      1.58e+00    1.49e+00      9.19e-03    1.74e-02      5.82e-02    5.49e-02    7.4e-04
  30100      1.51e+00    1.48e+00      8.59e-03    1.34e-03      5.57e-02    5.47e-02    7.4e-04
  30200      1.48e+00    1.53e+00      1.44e-02    6.39e-03      5.46e-02    5.63e-02    7.4e-04
  30300      1.64e+00    1.60e+00      1.39e-02    5.55e-03      6.05e-02    5.91e-02    7.4e-04
  30400      1.83e+00    1.73e+00      1.50e-02    1.23e-02      6.74e-02    6.38e-02    7.4e-04
  30500      1.50e+00    1.44e+00      8.58e-03    5.80e-03      5.51e-02    5.30e-02    7.4e-04
  30600      1.56e+00    1.53e+00      1.33e-02    1.96e-02      5.76e-02    5.62e-02    7.4e-04
  30700      1.52e+00    1.51e+00      6.91e-03    8.54e-03      5.61e-02    5.57e-02    7.4e-04
  30800      1.42e+00    1.43e+00      4.41e-02    3.65e-02      5.18e-02    5.23e-02    7.4e-04
  30900      1.44e+00    1.39e+00      1.22e-02    5.80e-03      5.31e-02    5.12e-02    7.4e-04
  31000      1.46e+00    1.53e+00      1.70e-02    3.52e-02      5.36e-02    5.59e-02    7.4e-04
  31100      1.84e+00    1.91e+00      1.68e-02    1.94e-02      6.77e-02    7.02e-02    7.4e-04
  31200      1.45e+00    1.31e+00      8.53e-03    9.15e-03      5.36e-02    4.82e-02    7.4e-04
  31300      1.43e+00    1.40e+00      4.46e-02    3.55e-02      5.21e-02    5.11e-02    7.4e-04
  31400      1.56e+00    1.48e+00      2.62e-02    2.35e-02      5.72e-02    5.43e-02    7.4e-04
  31500      1.59e+00    1.49e+00      4.31e-02    5.19e-02      5.80e-02    5.41e-02    7.4e-04
  31600      1.59e+00    1.55e+00      1.25e-02    6.01e-04      5.87e-02    5.71e-02    7.4e-04
  31700      1.51e+00    1.36e+00      4.77e-02    4.46e-02      5.50e-02    4.95e-02    7.4e-04
  31800      1.50e+00    1.48e+00      1.05e-02    2.23e-03      5.52e-02    5.46e-02    7.4e-04
  31900      1.53e+00    1.47e+00      1.88e-02    3.26e-02      5.63e-02    5.40e-02    7.4e-04
  32000      1.51e+00    1.26e+00      3.32e-02    1.70e-02      5.53e-02    4.65e-02    7.4e-04
  32100      1.60e+00    1.62e+00      2.60e-02    1.33e-02      5.87e-02    5.97e-02    7.4e-04
  32200      1.42e+00    1.22e+00      1.57e-02    1.76e-02      5.22e-02    4.47e-02    7.4e-04
  32300      1.74e+00    1.67e+00      5.41e-02    6.57e-02      6.34e-02    6.02e-02    7.4e-04
  32400      1.45e+00    1.18e+00      4.01e-02    2.80e-02      5.29e-02    4.33e-02    7.4e-04
  32500      1.53e+00    1.59e+00      6.70e-03    3.69e-03      5.63e-02    5.88e-02    7.4e-04
  32600      1.54e+00    1.22e+00      8.78e-03    8.31e-03      5.67e-02    4.49e-02    7.4e-04
  32700      1.46e+00    1.49e+00      3.22e-02    3.27e-02      5.34e-02    5.46e-02    7.4e-04
  32800      1.38e+00    1.26e+00      1.46e-02    1.28e-02      5.07e-02    4.63e-02    7.4e-04
  32900      1.65e+00    1.72e+00      5.04e-02    4.01e-02      6.00e-02    6.31e-02    7.4e-04
  33000      1.72e+00    1.64e+00      3.75e-02    3.51e-02      6.30e-02    6.01e-02    7.4e-04
  33100      1.48e+00    1.50e+00      1.82e-02    3.29e-02      5.46e-02    5.50e-02    7.4e-04
  33200      1.42e+00    1.44e+00      2.33e-02    2.02e-02      5.23e-02    5.28e-02    7.4e-04
  33300      1.79e+00    1.93e+00      1.49e-02    2.99e-02      6.61e-02    7.09e-02    7.4e-04
  33400      1.42e+00    1.35e+00      1.33e-02    1.21e-02      5.25e-02    4.99e-02    7.4e-04
  33500      1.42e+00    1.35e+00      3.80e-02    2.73e-02      5.19e-02    4.94e-02    7.4e-04
  33600      1.48e+00    1.48e+00      1.10e-02    1.04e-02      5.46e-02    5.47e-02    7.4e-04
  33700      1.42e+00    1.34e+00      1.27e-02    2.47e-02      5.21e-02    4.92e-02    7.4e-04
  33800      1.41e+00    1.38e+00      2.66e-02    1.56e-02      5.17e-02    5.08e-02    7.4e-04
  33900      1.59e+00    1.79e+00      1.66e-02    2.36e-02      5.85e-02    6.57e-02    7.4e-04
  34000      1.88e+00    1.74e+00      1.98e-02    1.62e-02      6.93e-02    6.41e-02    7.4e-04
  34100      1.42e+00    1.45e+00      3.59e-02    5.04e-02      5.17e-02    5.27e-02    7.4e-04
  34200      1.48e+00    1.35e+00      1.64e-02    2.03e-02      5.45e-02    4.96e-02    7.4e-04
  34300      1.60e+00    1.56e+00      1.04e-01    1.02e-01      5.57e-02    5.40e-02    7.4e-04
  34400      1.51e+00    1.45e+00      1.72e-02    1.75e-02      5.55e-02    5.34e-02    7.4e-04
  34500      1.46e+00    1.45e+00      1.24e-02    4.49e-03      5.36e-02    5.34e-02    7.4e-04
  34600      1.46e+00    1.48e+00      5.79e-02    6.78e-02      5.28e-02    5.31e-02    7.4e-04
  34700      1.51e+00    1.62e+00      2.09e-02    3.12e-02      5.57e-02    5.93e-02    7.4e-04
  34800      1.54e+00    1.59e+00      6.65e-03    4.54e-03      5.68e-02    5.87e-02    7.4e-04
  34900      1.36e+00    1.27e+00      6.79e-03    5.23e-03      5.01e-02    4.70e-02    7.4e-04
  35000      1.34e+00    1.36e+00      1.20e-02    2.22e-02      5.07e-02    5.14e-02    7.0e-04
  35100      1.41e+00    1.19e+00      7.05e-03    9.21e-03      5.32e-02    4.48e-02    7.0e-04
  35200      1.41e+00    1.41e+00      6.88e-03    1.29e-02      5.33e-02    5.32e-02    7.0e-04
  35300      1.54e+00    1.67e+00      4.94e-02    6.14e-02      5.73e-02    6.17e-02    7.0e-04
  35400      1.39e+00    1.37e+00      1.34e-02    1.56e-02      5.25e-02    5.16e-02    7.0e-04
  35500      1.39e+00    1.42e+00      6.33e-02    6.79e-02      5.07e-02    5.19e-02    7.0e-04
  35600      1.44e+00    1.31e+00      8.69e-03    4.90e-03      5.46e-02    4.94e-02    7.0e-04
  35700      1.39e+00    1.59e+00      7.09e-03    1.25e-02      5.25e-02    6.02e-02    7.0e-04
  35800      1.67e+00    1.61e+00      1.23e-02    2.27e-02      6.33e-02    6.08e-02    7.0e-04
  35900      1.43e+00    1.34e+00      6.71e-02    6.65e-02      5.24e-02    4.89e-02    7.0e-04
  36000      1.33e+00    1.46e+00      1.81e-02    1.83e-02      5.01e-02    5.53e-02    7.0e-04
  36100      1.43e+00    1.45e+00      2.29e-02    1.97e-02      5.38e-02    5.46e-02    7.0e-04
  36200      1.43e+00    1.21e+00      1.58e-02    8.33e-03      5.38e-02    4.57e-02    7.0e-04
  36300      1.40e+00    1.44e+00      2.47e-02    3.05e-02      5.26e-02    5.41e-02    7.0e-04
  36400      1.33e+00    1.37e+00      1.93e-02    1.65e-02      5.03e-02    5.17e-02    7.0e-04
  36500      1.34e+00    1.17e+00      2.34e-02    2.17e-02      5.04e-02    4.39e-02    7.0e-04
  36600      1.35e+00    1.59e+00      1.40e-02    2.05e-02      5.09e-02    5.99e-02    7.0e-04
  36700      1.47e+00    1.44e+00      7.33e-03    1.88e-03      5.57e-02    5.45e-02    7.0e-04
  36800      1.43e+00    1.41e+00      1.46e-02    3.24e-04      5.38e-02    5.32e-02    7.0e-04
  36900      1.40e+00    1.48e+00      6.81e-03    6.12e-03      5.29e-02    5.62e-02    7.0e-04
  37000      1.49e+00    1.49e+00      2.13e-02    1.43e-02      5.62e-02    5.63e-02    7.0e-04
  37100      1.44e+00    1.27e+00      2.52e-02    1.42e-02      5.41e-02    4.81e-02    7.0e-04
  37200      1.44e+00    1.37e+00      1.22e-02    1.09e-03      5.44e-02    5.20e-02    7.0e-04
  37300      1.74e+00    1.83e+00      2.24e-02    2.23e-02      6.56e-02    6.92e-02    7.0e-04
  37400      1.73e+00    1.58e+00      2.28e-02    2.37e-02      6.52e-02    5.95e-02    7.0e-04
  37500      1.34e+00    1.24e+00      1.84e-02    2.31e-02      5.06e-02    4.66e-02    7.0e-04
  37600      1.55e+00    1.40e+00      7.13e-03    2.13e-03      5.86e-02    5.31e-02    7.0e-04
  37700      1.37e+00    1.26e+00      3.60e-02    4.39e-02      5.13e-02    4.69e-02    7.0e-04
  37800      1.39e+00    1.60e+00      6.65e-03    1.18e-02      5.24e-02    6.03e-02    7.0e-04
  37900      1.42e+00    1.37e+00      1.14e-02    1.69e-02      5.36e-02    5.18e-02    7.0e-04
  38000      1.32e+00    1.37e+00      3.41e-02    4.38e-02      4.94e-02    5.10e-02    7.0e-04
  38100      1.42e+00    1.45e+00      2.97e-02    1.94e-02      5.34e-02    5.49e-02    7.0e-04
  38200      1.36e+00    1.39e+00      1.70e-02    1.77e-02      5.12e-02    5.25e-02    7.0e-04
  38300      1.43e+00    1.23e+00      1.88e-02    2.13e-02      5.39e-02    4.63e-02    7.0e-04
  38400      1.34e+00    1.21e+00      1.09e-02    4.10e-03      5.06e-02    4.59e-02    7.0e-04
  38500      1.47e+00    1.34e+00      9.82e-03    1.17e-02      5.57e-02    5.07e-02    7.0e-04
  38600      1.32e+00    1.33e+00      9.39e-03    3.41e-03      5.00e-02    5.04e-02    7.0e-04
  38700      1.37e+00    1.25e+00      6.86e-03    4.71e-03      5.20e-02    4.72e-02    7.0e-04
  38800      1.78e+00    1.73e+00      2.82e-02    3.49e-02      6.69e-02    6.51e-02    7.0e-04
  38900      1.45e+00    1.40e+00      2.32e-02    1.66e-02      5.46e-02    5.27e-02    7.0e-04
  39000      1.35e+00    1.30e+00      1.27e-02    8.09e-03      5.09e-02    4.91e-02    7.0e-04
  39100      1.44e+00    1.35e+00      6.73e-03    4.63e-03      5.43e-02    5.10e-02    7.0e-04
  39200      1.37e+00    1.30e+00      1.39e-02    1.27e-02      5.18e-02    4.91e-02    7.0e-04
  39300      1.65e+00    1.69e+00      3.15e-02    1.81e-02      6.21e-02    6.37e-02    7.0e-04
  39400      1.33e+00    1.28e+00      4.55e-02    3.90e-02      4.93e-02    4.79e-02    7.0e-04
  39500      1.43e+00    1.37e+00      2.18e-02    3.52e-03      5.39e-02    5.17e-02    7.0e-04
  39600      1.33e+00    1.48e+00      1.62e-02    7.22e-04      5.01e-02    5.61e-02    7.0e-04
  39700      1.42e+00    1.49e+00      1.05e-02    7.60e-03      5.37e-02    5.63e-02    7.0e-04
  39800      1.37e+00    1.24e+00      3.17e-02    3.47e-02      5.14e-02    4.64e-02    7.0e-04
  39900      1.33e+00    1.40e+00      2.64e-02    2.93e-02      4.99e-02    5.27e-02    7.0e-04
  40000      1.30e+00    1.25e+00      2.55e-02    1.50e-02      5.03e-02    4.84e-02    6.6e-04
  40100      1.35e+00    1.18e+00      2.35e-02    2.37e-02      5.20e-02    4.57e-02    6.6e-04
  40200      1.36e+00    1.39e+00      9.68e-03    2.70e-04      5.26e-02    5.39e-02    6.6e-04
  40300      1.36e+00    1.40e+00      1.05e-02    1.06e-02      5.26e-02    5.44e-02    6.6e-04
  40400      1.41e+00    1.62e+00      2.07e-02    2.54e-02      5.46e-02    6.27e-02    6.6e-04
  40500      1.35e+00    1.26e+00      3.11e-02    3.09e-02      5.17e-02    4.83e-02    6.6e-04
  40600      1.31e+00    1.27e+00      2.01e-02    2.10e-02      5.05e-02    4.92e-02    6.6e-04
  40700      1.29e+00    1.17e+00      1.62e-02    3.42e-03      4.99e-02    4.53e-02    6.6e-04
  40800      1.52e+00    1.41e+00      6.97e-03    7.48e-04      5.91e-02    5.47e-02    6.6e-04
  40900      1.36e+00    1.39e+00      1.66e-02    3.10e-02      5.24e-02    5.34e-02    6.6e-04
  41000      1.37e+00    1.30e+00      1.75e-02    9.53e-03      5.28e-02    5.03e-02    6.6e-04
  41100      1.27e+00    1.24e+00      1.13e-02    8.54e-03      4.90e-02    4.80e-02    6.6e-04
  41200      1.29e+00    1.15e+00      7.28e-03    8.04e-03      5.00e-02    4.48e-02    6.6e-04
  41300      1.36e+00    1.31e+00      1.12e-02    1.65e-02      5.28e-02    5.07e-02    6.6e-04
  41400      1.71e+00    1.86e+00      6.69e-03    1.11e-02      6.63e-02    7.22e-02    6.6e-04
  41500      1.55e+00    1.49e+00      2.35e-02    1.95e-02      5.97e-02    5.78e-02    6.6e-04
  41600      1.28e+00    1.14e+00      6.74e-03    1.49e-03      4.94e-02    4.41e-02    6.6e-04
  41700      1.27e+00    1.14e+00      1.56e-02    1.77e-02      4.90e-02    4.40e-02    6.6e-04
  41800      1.39e+00    1.38e+00      2.88e-02    2.62e-02      5.37e-02    5.34e-02    6.6e-04
  41900      1.29e+00    1.33e+00      2.11e-02    9.69e-03      4.97e-02    5.15e-02    6.6e-04
  42000      1.28e+00    1.22e+00      1.38e-02    7.36e-03      4.97e-02    4.75e-02    6.6e-04
  42100      1.38e+00    1.36e+00      1.78e-02    1.98e-02      5.32e-02    5.26e-02    6.6e-04
  42200      1.57e+00    1.44e+00      8.30e-03    9.77e-03      6.09e-02    5.60e-02    6.6e-04
  42300      1.23e+00    1.19e+00      7.72e-03    4.84e-03      4.77e-02    4.61e-02    6.6e-04
  42400      1.30e+00    1.26e+00      6.96e-03    8.56e-03      5.03e-02    4.87e-02    6.6e-04
  42500      1.36e+00    1.40e+00      2.83e-02    2.34e-02      5.23e-02    5.41e-02    6.6e-04
  42600      1.37e+00    1.39e+00      2.32e-02    1.76e-02      5.31e-02    5.39e-02    6.6e-04
  42700      1.32e+00    1.21e+00      3.29e-02    4.70e-02      5.06e-02    4.59e-02    6.6e-04
  42800      1.29e+00    1.21e+00      2.22e-02    1.74e-02      4.97e-02    4.68e-02    6.6e-04
  42900      1.48e+00    1.37e+00      3.09e-02    3.34e-02      5.71e-02    5.25e-02    6.6e-04
  43000      1.46e+00    1.44e+00      6.87e-03    1.88e-03      5.65e-02    5.58e-02    6.6e-04
  43100      1.25e+00    1.37e+00      1.86e-02    1.71e-02      4.83e-02    5.29e-02    6.6e-04
  43200      1.27e+00    1.26e+00      7.65e-03    3.76e-03      4.93e-02    4.90e-02    6.6e-04
  43300      1.37e+00    1.35e+00      1.05e-02    4.27e-03      5.32e-02    5.24e-02    6.6e-04
  43400      1.40e+00    1.33e+00      6.18e-02    5.67e-02      5.25e-02    5.00e-02    6.6e-04
  43500      1.26e+00    1.17e+00      3.45e-02    2.30e-02      4.83e-02    4.50e-02    6.6e-04
  43600      1.26e+00    1.11e+00      6.79e-03    4.66e-03      4.90e-02    4.33e-02    6.6e-04
  43700      1.40e+00    1.22e+00      1.21e-02    3.83e-03      5.42e-02    4.73e-02    6.6e-04
  43800      1.26e+00    1.09e+00      1.12e-02    3.48e-03      4.88e-02    4.23e-02    6.6e-04
  43900      1.38e+00    1.34e+00      4.15e-02    2.29e-02      5.27e-02    5.16e-02    6.6e-04
  44000      1.52e+00    1.44e+00      1.29e-02    1.32e-02      5.88e-02    5.58e-02    6.6e-04
  44100      1.24e+00    9.54e-01      2.06e-02    1.53e-02      4.79e-02    3.69e-02    6.6e-04
  44200      1.26e+00    1.16e+00      4.34e-02    3.13e-02      4.80e-02    4.43e-02    6.6e-04
  44300      1.35e+00    1.35e+00      1.78e-02    1.95e-02      5.23e-02    5.21e-02    6.6e-04
  44400      1.34e+00    1.42e+00      8.43e-03    6.73e-03      5.19e-02    5.50e-02    6.6e-04
  44500      1.41e+00    1.36e+00      1.85e-02    1.70e-02      5.47e-02    5.27e-02    6.6e-04
  44600      1.25e+00    1.06e+00      2.44e-02    1.55e-02      4.81e-02    4.10e-02    6.6e-04
  44700      1.27e+00    1.10e+00      9.97e-03    1.59e-02      4.92e-02    4.26e-02    6.6e-04
  44800      1.45e+00    1.36e+00      3.03e-02    3.00e-02      5.60e-02    5.23e-02    6.6e-04
  44900      1.28e+00    1.33e+00      1.47e-02    2.33e-02      4.97e-02    5.13e-02    6.6e-04
  45000      1.41e+00    1.46e+00      1.24e-02    1.15e-03      5.60e-02    5.83e-02    6.3e-04
  45100      1.30e+00    1.33e+00      1.45e-02    1.00e-02      5.16e-02    5.28e-02    6.3e-04
  45200      1.25e+00    1.07e+00      1.95e-02    2.08e-02      4.96e-02    4.24e-02    6.3e-04
  45300      1.18e+00    1.28e+00      7.38e-03    1.58e-03      4.68e-02    5.10e-02    6.3e-04
  45400      1.28e+00    1.29e+00      8.57e-03    5.99e-03      5.08e-02    5.12e-02    6.3e-04
  45500      1.33e+00    1.30e+00      1.04e-02    2.27e-03      5.28e-02    5.19e-02    6.3e-04
  45600      1.24e+00    1.28e+00      9.09e-03    3.85e-03      4.92e-02    5.11e-02    6.3e-04
  45700      1.42e+00    1.36e+00      7.76e-03    1.06e-02      5.63e-02    5.40e-02    6.3e-04
  45800      1.23e+00    1.12e+00      6.76e-03    5.09e-03      4.90e-02    4.47e-02    6.3e-04
  45900      1.28e+00    1.21e+00      2.27e-02    4.58e-03      5.08e-02    4.80e-02    6.3e-04
  46000      1.32e+00    1.31e+00      8.11e-03    1.43e-03      5.23e-02    5.21e-02    6.3e-04
  46100      1.30e+00    1.44e+00      1.55e-02    1.41e-02      5.15e-02    5.71e-02    6.3e-04
  46200      1.33e+00    1.28e+00      6.71e-03    6.76e-03      5.27e-02    5.11e-02    6.3e-04
  46300      1.41e+00    1.45e+00      2.23e-02    3.02e-02      5.59e-02    5.72e-02    6.3e-04
  46400      1.30e+00    1.32e+00      2.94e-02    2.87e-02      5.12e-02    5.23e-02    6.3e-04
  46500      1.36e+00    1.35e+00      8.75e-03    3.18e-03      5.42e-02    5.37e-02    6.3e-04
  46600      1.29e+00    1.16e+00      3.46e-02    3.56e-02      5.07e-02    4.55e-02    6.3e-04
  46700      1.65e+00    1.47e+00      3.82e-02    3.92e-02      6.49e-02    5.76e-02    6.3e-04
  46800      1.24e+00    1.18e+00      8.59e-03    1.69e-02      4.92e-02    4.70e-02    6.3e-04
  46900      1.21e+00    1.38e+00      6.72e-03    1.26e-02      4.81e-02    5.48e-02    6.3e-04
  47000      1.20e+00    1.19e+00      9.12e-03    1.27e-02      4.76e-02    4.73e-02    6.3e-04
  47100      1.30e+00    1.39e+00      1.78e-02    1.86e-02      5.15e-02    5.53e-02    6.3e-04
  47200      1.29e+00    1.34e+00      2.67e-02    1.74e-02      5.07e-02    5.31e-02    6.3e-04
  47300      1.33e+00    1.32e+00      3.28e-02    2.28e-02      5.23e-02    5.22e-02    6.3e-04
  47400      1.39e+00    1.34e+00      5.24e-02    5.40e-02      5.38e-02    5.19e-02    6.3e-04
  47500      1.22e+00    1.32e+00      8.65e-03    5.88e-03      4.85e-02    5.26e-02    6.3e-04
  47600      1.27e+00    1.20e+00      1.75e-02    1.45e-02      5.02e-02    4.77e-02    6.3e-04
  47700      1.22e+00    1.18e+00      1.52e-02    3.76e-02      4.86e-02    4.60e-02    6.3e-04
  47800      1.39e+00    1.45e+00      2.40e-02    1.99e-02      5.49e-02    5.74e-02    6.3e-04
  47900      1.25e+00    1.17e+00      9.79e-03    1.62e-02      4.95e-02    4.65e-02    6.3e-04
  48000      1.32e+00    1.37e+00      6.88e-03    8.46e-03      5.25e-02    5.45e-02    6.3e-04
  48100      1.20e+00    1.10e+00      1.45e-02    9.94e-03      4.75e-02    4.37e-02    6.3e-04
  48200      1.20e+00    1.41e+00      1.13e-02    1.45e-02      4.77e-02    5.59e-02    6.3e-04
  48300      1.27e+00    1.18e+00      5.22e-02    4.01e-02      4.90e-02    4.58e-02    6.3e-04
  48400      1.19e+00    1.18e+00      1.08e-02    1.05e-02      4.74e-02    4.70e-02    6.3e-04
  48500      1.28e+00    1.34e+00      7.75e-03    1.33e-02      5.11e-02    5.34e-02    6.3e-04
  48600      1.31e+00    1.41e+00      2.57e-02    2.29e-02      5.17e-02    5.58e-02    6.3e-04
  48700      1.73e+00    1.59e+00      2.06e-02    1.05e-02      6.85e-02    6.33e-02    6.3e-04
  48800      1.17e+00    1.12e+00      9.91e-03    1.90e-02      4.66e-02    4.43e-02    6.3e-04
  48900      1.27e+00    1.25e+00      1.19e-02    8.60e-03      5.03e-02    4.96e-02    6.3e-04
  49000      1.55e+00    1.42e+00      7.28e-03    1.20e-03      6.16e-02    5.63e-02    6.3e-04
  49100      1.22e+00    1.23e+00      1.16e-02    1.21e-02      4.86e-02    4.88e-02    6.3e-04
  49200      1.20e+00    1.28e+00      1.84e-02    1.27e-02      4.76e-02    5.09e-02    6.3e-04
  49300      1.22e+00    1.18e+00      1.17e-02    2.68e-03      4.84e-02    4.72e-02    6.3e-04
  49400      1.23e+00    1.19e+00      2.00e-02    1.43e-02      4.85e-02    4.72e-02    6.3e-04
  49500      1.30e+00    1.34e+00      7.21e-03    6.92e-03      5.17e-02    5.33e-02    6.3e-04
  49600      1.21e+00    1.15e+00      1.46e-02    2.77e-03      4.82e-02    4.58e-02    6.3e-04
  49700      1.24e+00    1.34e+00      7.64e-03    7.10e-03      4.94e-02    5.31e-02    6.3e-04
  49800      1.19e+00    1.18e+00      3.09e-02    1.97e-02      4.66e-02    4.66e-02    6.3e-04
  49900      1.36e+00    1.28e+00      7.05e-03    1.95e-02      5.42e-02    5.08e-02    6.3e-04
  50000      1.31e+00    1.19e+00      1.64e-02    9.56e-05      5.34e-02    4.85e-02    6.0e-04
  50100      1.15e+00    1.10e+00      9.70e-03    5.88e-03      4.69e-02    4.50e-02    6.0e-04
  50200      1.22e+00    1.13e+00      2.27e-02    9.25e-03      4.93e-02    4.63e-02    6.0e-04
  50300      1.16e+00    1.09e+00      2.43e-02    4.15e-02      4.71e-02    4.33e-02    6.0e-04
  50400      1.19e+00    1.07e+00      9.62e-03    1.44e-02      4.87e-02    4.35e-02    6.0e-04
  50500      1.20e+00    1.12e+00      4.57e-02    3.78e-02      4.76e-02    4.47e-02    6.0e-04
  50600      1.16e+00    1.16e+00      8.92e-03    4.84e-03      4.72e-02    4.72e-02    6.0e-04
  50700      1.16e+00    1.03e+00      2.71e-02    2.06e-02      4.70e-02    4.16e-02    6.0e-04
  50800      1.16e+00    1.04e+00      8.49e-03    4.12e-03      4.71e-02    4.26e-02    6.0e-04
  50900      1.41e+00    1.49e+00      2.92e-02    3.39e-02      5.69e-02    6.03e-02    6.0e-04
  51000      1.15e+00    1.13e+00      1.87e-02    2.69e-02      4.67e-02    4.56e-02    6.0e-04
  51100      1.18e+00    1.16e+00      3.58e-02    4.04e-02      4.71e-02    4.64e-02    6.0e-04
  51200      1.16e+00    1.14e+00      6.91e-03    1.05e-02      4.75e-02    4.65e-02    6.0e-04
  51300      1.15e+00    1.25e+00      9.97e-03    6.33e-03      4.70e-02    5.09e-02    6.0e-04
  51400      1.16e+00    1.04e+00      2.56e-02    3.01e-02      4.67e-02    4.16e-02    6.0e-04
  51500      1.20e+00    1.29e+00      1.03e-02    1.03e-03      4.89e-02    5.28e-02    6.0e-04
  51600      1.17e+00    1.18e+00      8.41e-03    1.21e-02      4.78e-02    4.79e-02    6.0e-04
  51700      1.26e+00    1.20e+00      3.77e-02    4.54e-02      5.04e-02    4.77e-02    6.0e-04
  51800      1.21e+00    1.27e+00      2.04e-02    2.05e-02      4.90e-02    5.16e-02    6.0e-04
  51900      1.18e+00    1.33e+00      3.04e-02    2.26e-02      4.74e-02    5.40e-02    6.0e-04
  52000      1.19e+00    1.24e+00      1.03e-02    8.41e-03      4.85e-02    5.08e-02    6.0e-04
  52100      1.15e+00    1.10e+00      1.49e-02    7.72e-03      4.68e-02    4.48e-02    6.0e-04
  52200      1.16e+00    1.09e+00      3.15e-02    2.93e-02      4.67e-02    4.39e-02    6.0e-04
  52300      1.15e+00    1.17e+00      2.22e-02    2.34e-02      4.65e-02    4.75e-02    6.0e-04
  52400      1.21e+00    9.91e-01      1.25e-02    3.39e-03      4.92e-02    4.05e-02    6.0e-04
  52500      1.13e+00    1.11e+00      1.47e-02    7.86e-03      4.59e-02    4.53e-02    6.0e-04
  52600      1.16e+00    1.10e+00      7.56e-03    1.34e-03      4.75e-02    4.50e-02    6.0e-04
  52700      1.21e+00    1.12e+00      1.13e-02    4.34e-03      4.93e-02    4.59e-02    6.0e-04
  52800      1.18e+00    1.17e+00      2.36e-02    1.36e-02      4.78e-02    4.76e-02    6.0e-04
  52900      1.31e+00    1.43e+00      1.61e-02    8.91e-03      5.33e-02    5.85e-02    6.0e-04
  53000      1.12e+00    1.13e+00      1.70e-02    2.03e-02      4.56e-02    4.58e-02    6.0e-04
  53100      1.21e+00    1.51e+00      1.21e-02    2.45e-03      4.95e-02    6.15e-02    6.0e-04
  53200      1.17e+00    1.13e+00      2.40e-02    3.22e-02      4.73e-02    4.54e-02    6.0e-04
  53300      1.19e+00    1.15e+00      1.39e-02    1.69e-02      4.83e-02    4.66e-02    6.0e-04
  53400      1.17e+00    1.10e+00      9.61e-03    6.08e-03      4.75e-02    4.48e-02    6.0e-04
  53500      1.20e+00    1.45e+00      3.41e-02    4.00e-02      4.80e-02    5.83e-02    6.0e-04
  53600      1.16e+00    1.07e+00      9.24e-03    7.81e-03      4.73e-02    4.35e-02    6.0e-04
  53700      1.19e+00    1.20e+00      1.06e-02    9.68e-03      4.84e-02    4.89e-02    6.0e-04
  53800      1.28e+00    1.23e+00      1.03e-02    1.06e-02      5.21e-02    5.01e-02    6.0e-04
  53900      1.18e+00    1.45e+00      1.40e-02    7.51e-03      4.82e-02    5.92e-02    6.0e-04
  54000      1.18e+00    1.11e+00      3.07e-02    1.99e-02      4.74e-02    4.51e-02    6.0e-04
  54100      1.19e+00    1.12e+00      1.53e-02    1.13e-02      4.84e-02    4.58e-02    6.0e-04
  54200      1.31e+00    1.26e+00      6.81e-03    2.39e-03      5.34e-02    5.15e-02    6.0e-04
  54300      1.22e+00    1.09e+00      6.78e-03    8.22e-03      4.97e-02    4.45e-02    6.0e-04
  54400      1.20e+00    1.20e+00      1.56e-02    1.10e-02      4.87e-02    4.88e-02    6.0e-04
  54500      1.17e+00    1.19e+00      2.21e-02    2.13e-02      4.73e-02    4.83e-02    6.0e-04
  54600      1.16e+00    1.09e+00      2.35e-02    1.61e-02      4.70e-02    4.45e-02    6.0e-04
  54700      1.26e+00    1.09e+00      8.72e-03    5.12e-03      5.13e-02    4.45e-02    6.0e-04
  54800      1.31e+00    1.24e+00      5.85e-02    6.48e-02      5.13e-02    4.79e-02    6.0e-04
  54900      1.12e+00    1.27e+00      1.05e-02    3.95e-03      4.57e-02    5.20e-02    6.0e-04
  55000      1.13e+00    1.04e+00      9.73e-03    5.67e-03      4.71e-02    4.36e-02    5.7e-04
  55100      1.23e+00    1.20e+00      2.92e-02    2.46e-02      5.08e-02    5.00e-02    5.7e-04
  55200      1.09e+00    1.25e+00      1.74e-02    1.41e-02      4.53e-02    5.23e-02    5.7e-04
  55300      1.36e+00    1.29e+00      1.94e-02    7.67e-03      5.65e-02    5.41e-02    5.7e-04
  55400      1.14e+00    1.01e+00      1.47e-02    1.20e-02      4.75e-02    4.23e-02    5.7e-04
  55500      1.15e+00    1.13e+00      6.76e-03    8.53e-03      4.80e-02    4.73e-02    5.7e-04
  55600      1.19e+00    1.08e+00      2.49e-02    2.68e-02      4.95e-02    4.48e-02    5.7e-04
  55700      1.26e+00    1.18e+00      1.36e-02    3.83e-03      5.26e-02    4.94e-02    5.7e-04
  55800      1.30e+00    1.39e+00      1.41e-02    1.04e-02      5.41e-02    5.83e-02    5.7e-04
  55900      1.32e+00    1.29e+00      1.91e-02    8.77e-03      5.48e-02    5.42e-02    5.7e-04
  56000      1.15e+00    1.19e+00      1.00e-02    1.29e-02      4.82e-02    4.98e-02    5.7e-04
  56100      1.17e+00    1.35e+00      1.40e-02    1.51e-02      4.87e-02    5.65e-02    5.7e-04
  56200      1.09e+00    1.22e+00      2.60e-02    3.10e-02      4.52e-02    5.03e-02    5.7e-04
  56300      1.12e+00    1.08e+00      9.40e-03    8.32e-03      4.69e-02    4.54e-02    5.7e-04
  56400      1.10e+00    9.76e-01      1.21e-02    1.81e-03      4.59e-02    4.09e-02    5.7e-04
  56500      1.33e+00    1.22e+00      2.32e-02    2.85e-02      5.54e-02    5.06e-02    5.7e-04
  56600      1.12e+00    1.23e+00      1.40e-02    2.02e-03      4.67e-02    5.15e-02    5.7e-04
  56700      1.09e+00    1.03e+00      8.12e-03    1.66e-02      4.54e-02    4.27e-02    5.7e-04
  56800      1.16e+00    1.24e+00      1.19e-02    1.80e-02      4.83e-02    5.19e-02    5.7e-04
  56900      1.32e+00    1.33e+00      1.80e-02    1.04e-03      5.49e-02    5.57e-02    5.7e-04
  57000      1.23e+00    1.11e+00      9.27e-03    1.65e-02      5.13e-02    4.62e-02    5.7e-04
  57100      1.35e+00    1.30e+00      1.45e-02    9.54e-03      5.64e-02    5.45e-02    5.7e-04
  57200      1.13e+00    1.26e+00      9.29e-03    8.19e-03      4.73e-02    5.26e-02    5.7e-04
  57300      1.13e+00    1.19e+00      1.96e-02    2.93e-02      4.71e-02    4.91e-02    5.7e-04
  57400      1.33e+00    1.31e+00      7.56e-03    6.32e-03      5.55e-02    5.48e-02    5.7e-04
  57500      1.10e+00    1.19e+00      1.58e-02    1.39e-02      4.56e-02    4.99e-02    5.7e-04
  57600      1.17e+00    1.14e+00      8.40e-03    2.54e-03      4.91e-02    4.76e-02    5.7e-04
  57700      1.13e+00    1.18e+00      2.65e-02    2.25e-02      4.65e-02    4.89e-02    5.7e-04
  57800      1.17e+00    1.13e+00      3.55e-02    3.32e-02      4.80e-02    4.65e-02    5.7e-04
  57900      1.12e+00    1.09e+00      1.22e-02    7.82e-03      4.67e-02    4.57e-02    5.7e-04
  58000      1.15e+00    1.13e+00      2.18e-02    1.40e-02      4.79e-02    4.74e-02    5.7e-04
  58100      1.11e+00    1.06e+00      6.66e-03    4.60e-03      4.64e-02    4.44e-02    5.7e-04
  58200      1.20e+00    1.02e+00      2.82e-02    1.09e-02      4.96e-02    4.27e-02    5.7e-04
  58300      1.21e+00    1.13e+00      7.07e-03    1.65e-03      5.06e-02    4.74e-02    5.7e-04
  58400      1.09e+00    1.19e+00      9.11e-03    1.11e-02      4.57e-02    4.99e-02    5.7e-04
  58500      1.19e+00    1.18e+00      3.52e-02    2.51e-02      4.88e-02    4.89e-02    5.7e-04
  58600      1.18e+00    1.14e+00      9.74e-03    1.70e-02      4.95e-02    4.77e-02    5.7e-04
  58700      1.15e+00    1.19e+00      2.01e-02    2.05e-02      4.77e-02    4.95e-02    5.7e-04
  58800      1.66e+00    1.67e+00      7.69e-02    7.06e-02      6.62e-02    6.73e-02    5.7e-04
  58900      1.17e+00    1.12e+00      2.35e-02    9.94e-03      4.85e-02    4.70e-02    5.7e-04
  59000      1.18e+00    1.05e+00      5.43e-02    6.04e-02      4.73e-02    4.06e-02    5.7e-04
  59100      1.12e+00    1.04e+00      1.36e-02    1.12e-02      4.69e-02    4.33e-02    5.7e-04
  59200      1.25e+00    1.25e+00      1.10e-02    1.70e-02      5.23e-02    5.24e-02    5.7e-04
  59300      1.17e+00    1.11e+00      6.84e-03    1.21e-02      4.89e-02    4.62e-02    5.7e-04
  59400      1.10e+00    9.82e-01      1.34e-02    1.15e-02      4.59e-02    4.10e-02    5.7e-04
  59500      1.10e+00    1.05e+00      2.02e-02    7.24e-03      4.56e-02    4.39e-02    5.7e-04
  59600      1.12e+00    1.00e+00      6.83e-03    4.18e-03      4.68e-02    4.21e-02    5.7e-04
  59700      1.09e+00    1.11e+00      9.13e-03    1.25e-02      4.57e-02    4.66e-02    5.7e-04
  59800      1.14e+00    1.16e+00      1.07e-02    1.97e-02      4.78e-02    4.82e-02    5.7e-04
  59900      1.13e+00    1.16e+00      8.69e-03    1.11e-02      4.72e-02    4.86e-02    5.7e-04
  60000      1.06e+00    1.06e+00      6.86e-03    5.61e-03      4.54e-02    4.57e-02    5.4e-04
  60100      1.23e+00    1.34e+00      2.27e-02    2.08e-02      5.24e-02    5.73e-02    5.4e-04
  60200      1.09e+00    1.16e+00      3.83e-02    4.37e-02      4.54e-02    4.81e-02    5.4e-04
  60300      1.13e+00    1.49e+00      1.21e-02    1.56e-02      4.83e-02    6.37e-02    5.4e-04
  60400      1.06e+00    1.04e+00      8.91e-03    5.96e-04      4.54e-02    4.48e-02    5.4e-04
  60500      1.08e+00    1.21e+00      6.77e-03    1.27e-02      4.62e-02    5.21e-02    5.4e-04
  60600      1.12e+00    1.11e+00      1.50e-02    1.07e-02      4.81e-02    4.78e-02    5.4e-04
  60700      1.15e+00    1.17e+00      1.47e-02    1.66e-02      4.93e-02    5.00e-02    5.4e-04
  60800      1.07e+00    1.21e+00      7.15e-03    1.70e-02      4.59e-02    5.20e-02    5.4e-04
  60900      1.07e+00    1.00e+00      6.81e-03    1.60e-02      4.58e-02    4.28e-02    5.4e-04
  61000      1.12e+00    1.06e+00      8.01e-03    1.58e-02      4.80e-02    4.52e-02    5.4e-04
  61100      1.07e+00    1.16e+00      2.14e-02    8.97e-03      4.54e-02    5.00e-02    5.4e-04
  61200      1.08e+00    9.82e-01      1.36e-02    2.05e-02      4.60e-02    4.18e-02    5.4e-04
  61300      1.06e+00    1.15e+00      7.25e-03    3.27e-03      4.55e-02    4.96e-02    5.4e-04
  61400      1.11e+00    9.67e-01      8.71e-03    5.71e-03      4.76e-02    4.15e-02    5.4e-04
  61500      1.08e+00    9.55e-01      9.29e-03    4.62e-03      4.64e-02    4.11e-02    5.4e-04
  61600      1.10e+00    1.13e+00      3.05e-02    2.93e-02      4.64e-02    4.79e-02    5.4e-04
  61700      1.06e+00    1.04e+00      1.22e-02    2.40e-02      4.52e-02    4.41e-02    5.4e-04
  61800      1.08e+00    1.11e+00      1.11e-02    1.23e-03      4.64e-02    4.76e-02    5.4e-04
  61900      1.08e+00    1.05e+00      6.74e-03    1.02e-03      4.63e-02    4.50e-02    5.4e-04
  62000      1.12e+00    1.09e+00      1.47e-02    5.03e-03      4.81e-02    4.70e-02    5.4e-04
  62100      1.40e+00    1.25e+00      7.33e-03    6.40e-03      6.00e-02    5.35e-02    5.4e-04
  62200      1.06e+00    9.73e-01      2.50e-02    2.47e-02      4.49e-02    4.12e-02    5.4e-04
  62300      1.06e+00    1.01e+00      8.01e-03    3.43e-04      4.55e-02    4.35e-02    5.4e-04
  62400      1.12e+00    1.16e+00      2.26e-02    1.50e-02      4.76e-02    4.97e-02    5.4e-04
  62500      1.16e+00    1.10e+00      2.48e-02    2.73e-02      4.92e-02    4.65e-02    5.4e-04
  62600      1.07e+00    9.96e-01      2.21e-02    9.85e-03      4.54e-02    4.27e-02    5.4e-04
  62700      1.11e+00    1.09e+00      8.45e-03    3.88e-03      4.75e-02    4.68e-02    5.4e-04
  62800      1.09e+00    1.17e+00      1.66e-02    2.32e-03      4.65e-02    5.02e-02    5.4e-04
  62900      1.08e+00    8.76e-01      6.77e-03    1.12e-03      4.65e-02    3.77e-02    5.4e-04
  63000      1.34e+00    1.33e+00      7.73e-03    1.58e-03      5.76e-02    5.73e-02    5.4e-04
  63100      1.12e+00    1.07e+00      2.73e-02    2.38e-02      4.75e-02    4.55e-02    5.4e-04
  63200      1.07e+00    9.93e-01      1.11e-02    8.66e-03      4.57e-02    4.26e-02    5.4e-04
  63300      1.07e+00    9.75e-01      1.30e-02    4.09e-03      4.58e-02    4.19e-02    5.4e-04
  63400      1.16e+00    1.08e+00      1.38e-02    1.31e-02      4.98e-02    4.65e-02    5.4e-04
  63500      1.08e+00    1.03e+00      1.32e-02    8.86e-03      4.61e-02    4.41e-02    5.4e-04
  63600      1.11e+00    1.05e+00      3.55e-02    3.83e-02      4.66e-02    4.37e-02    5.4e-04
  63700      1.07e+00    1.08e+00      6.84e-03    7.74e-03      4.58e-02    4.63e-02    5.4e-04
  63800      1.20e+00    1.11e+00      1.74e-02    1.18e-03      5.13e-02    4.78e-02    5.4e-04
  63900      1.04e+00    1.01e+00      6.85e-03    1.66e-03      4.48e-02    4.36e-02    5.4e-04
  64000      1.24e+00    1.23e+00      6.74e-03    4.73e-03      5.33e-02    5.28e-02    5.4e-04
  64100      1.11e+00    1.03e+00      1.17e-02    8.92e-03      4.77e-02    4.44e-02    5.4e-04
  64200      1.21e+00    1.16e+00      7.07e-03    3.60e-03      5.21e-02    5.00e-02    5.4e-04
  64300      1.37e+00    1.35e+00      1.25e-02    1.24e-02      5.87e-02    5.78e-02    5.4e-04
  64400      1.06e+00    1.06e+00      1.34e-02    3.00e-02      4.53e-02    4.47e-02    5.4e-04
  64500      1.09e+00    1.05e+00      8.63e-03    3.55e-03      4.68e-02    4.52e-02    5.4e-04
  64600      1.08e+00    9.38e-01      1.56e-02    1.33e-03      4.62e-02    4.03e-02    5.4e-04
  64700      1.39e+00    1.42e+00      5.30e-02    4.57e-02      5.77e-02    5.95e-02    5.4e-04
  64800      1.09e+00    9.51e-01      7.61e-03    1.63e-02      4.68e-02    4.06e-02    5.4e-04
  64900      1.20e+00    1.19e+00      3.25e-02    2.77e-02      5.05e-02    5.05e-02    5.4e-04
  65000      1.02e+00    1.10e+00      6.78e-03    7.22e-03      4.49e-02    4.85e-02    5.1e-04
  65100      1.02e+00    9.56e-01      1.87e-02    2.43e-02      4.45e-02    4.15e-02    5.1e-04
  65200      1.08e+00    1.01e+00      1.48e-02    1.77e-02      4.75e-02    4.44e-02    5.1e-04
  65300      1.10e+00    1.16e+00      3.11e-02    3.49e-02      4.75e-02    5.01e-02    5.1e-04
  65400      1.02e+00    1.04e+00      1.72e-02    2.36e-02      4.44e-02    4.53e-02    5.1e-04
  65500      1.03e+00    9.70e-01      1.80e-02    1.00e-02      4.50e-02    4.27e-02    5.1e-04
  65600      1.07e+00    1.09e+00      1.23e-02    1.73e-02      4.68e-02    4.78e-02    5.1e-04
  65700      1.05e+00    9.96e-01      7.86e-03    9.88e-04      4.60e-02    4.39e-02    5.1e-04
  65800      1.02e+00    9.71e-01      7.36e-03    6.54e-04      4.47e-02    4.28e-02    5.1e-04
  65900      1.04e+00    8.91e-01      1.19e-02    7.44e-03      4.55e-02    3.92e-02    5.1e-04
  66000      1.04e+00    9.95e-01      3.25e-02    1.71e-02      4.46e-02    4.36e-02    5.1e-04
  66100      1.08e+00    1.07e+00      1.56e-02    8.05e-03      4.71e-02    4.71e-02    5.1e-04
  66200      1.20e+00    1.15e+00      9.53e-03    9.54e-03      5.28e-02    5.07e-02    5.1e-04
  66300      1.02e+00    1.08e+00      1.32e-02    1.28e-02      4.45e-02    4.76e-02    5.1e-04
  66400      1.06e+00    1.14e+00      1.33e-02    7.55e-03      4.64e-02    5.01e-02    5.1e-04
  66500      1.04e+00    9.52e-01      6.87e-03    1.23e-02      4.60e-02    4.18e-02    5.1e-04
  66600      1.24e+00    1.18e+00      1.92e-02    1.67e-02      5.44e-02    5.16e-02    5.1e-04
  66700      1.06e+00    1.02e+00      6.84e-03    3.70e-03      4.67e-02    4.49e-02    5.1e-04
  66800      1.18e+00    1.15e+00      1.46e-02    4.06e-03      5.16e-02    5.08e-02    5.1e-04
  66900      1.16e+00    1.11e+00      9.68e-03    5.85e-05      5.09e-02    4.91e-02    5.1e-04
  67000      1.21e+00    1.14e+00      3.98e-02    3.51e-02      5.17e-02    4.90e-02    5.1e-04
  67100      1.00e+00    8.95e-01      1.35e-02    4.85e-03      4.40e-02    3.95e-02    5.1e-04
  67200      1.02e+00    9.23e-01      7.54e-03    2.10e-03      4.50e-02    4.07e-02    5.1e-04
  67300      1.23e+00    1.19e+00      6.65e-03    1.55e-03      5.42e-02    5.23e-02    5.1e-04
  67400      1.05e+00    1.07e+00      6.85e-03    2.59e-03      4.64e-02    4.70e-02    5.1e-04
  67500      1.06e+00    1.07e+00      2.63e-02    3.55e-03      4.61e-02    4.72e-02    5.1e-04
  67600      1.09e+00    1.09e+00      7.17e-03    1.42e-02      4.79e-02    4.79e-02    5.1e-04
  67700      1.02e+00    9.85e-01      7.28e-03    3.46e-03      4.51e-02    4.34e-02    5.1e-04
  67800      1.04e+00    9.19e-01      1.33e-02    2.23e-02      4.55e-02    4.00e-02    5.1e-04
  67900      1.02e+00    9.12e-01      8.67e-03    1.09e-02      4.47e-02    4.01e-02    5.1e-04
  68000      1.09e+00    1.07e+00      7.79e-03    1.10e-02      4.81e-02    4.69e-02    5.1e-04
  68100      1.12e+00    1.18e+00      1.21e-02    2.79e-02      4.92e-02    5.14e-02    5.1e-04
  68200      1.06e+00    9.95e-01      1.52e-02    1.01e-02      4.64e-02    4.38e-02    5.1e-04
  68300      1.02e+00    1.08e+00      1.62e-02    6.60e-03      4.44e-02    4.76e-02    5.1e-04
  68400      1.03e+00    9.97e-01      7.08e-03    4.12e-03      4.54e-02    4.40e-02    5.1e-04
  68500      1.06e+00    1.15e+00      6.97e-03    1.54e-02      4.68e-02    5.03e-02    5.1e-04
  68600      1.02e+00    9.18e-01      7.02e-03    9.31e-03      4.48e-02    4.04e-02    5.1e-04
  68700      1.03e+00    9.28e-01      1.50e-02    1.05e-02      4.52e-02    4.08e-02    5.1e-04
  68800      1.04e+00    1.01e+00      7.98e-03    1.58e-02      4.57e-02    4.41e-02    5.1e-04
  68900      1.05e+00    9.85e-01      6.91e-03    1.28e-02      4.64e-02    4.33e-02    5.1e-04
  69000      1.06e+00    9.59e-01      4.10e-02    3.44e-02      4.48e-02    4.10e-02    5.1e-04
  69100      1.05e+00    1.13e+00      1.02e-02    9.57e-03      4.60e-02    4.97e-02    5.1e-04
  69200      1.19e+00    1.35e+00      6.76e-03    4.85e-03      5.23e-02    5.97e-02    5.1e-04
  69300      1.18e+00    1.14e+00      2.06e-02    1.47e-02      5.15e-02    4.99e-02    5.1e-04
  69400      1.02e+00    1.14e+00      6.59e-03    6.39e-03      4.47e-02    5.03e-02    5.1e-04
  69500      1.11e+00    1.21e+00      6.79e-03    2.09e-03      4.88e-02    5.36e-02    5.1e-04
  69600      1.02e+00    9.02e-01      1.45e-02    1.27e-02      4.46e-02    3.96e-02    5.1e-04
  69700      1.04e+00    1.02e+00      9.19e-03    2.15e-02      4.55e-02    4.44e-02    5.1e-04
  69800      1.10e+00    1.19e+00      2.59e-02    1.48e-02      4.77e-02    5.24e-02    5.1e-04
  69900      1.02e+00    1.03e+00      1.19e-02    1.66e-02      4.48e-02    4.54e-02    5.1e-04
  70000      1.12e+00    1.10e+00      9.65e-03    1.15e-02      5.06e-02    4.97e-02    4.9e-04
  70100      9.88e-01    9.81e-01      1.23e-02    2.10e-02      4.45e-02    4.39e-02    4.9e-04
  70200      9.84e-01    1.08e+00      1.27e-02    1.23e-02      4.43e-02    4.87e-02    4.9e-04
  70300      1.03e+00    1.14e+00      6.95e-03    1.34e-02      4.67e-02    5.12e-02    4.9e-04
  70400      1.00e+00    9.67e-01      6.75e-03    6.90e-03      4.53e-02    4.37e-02    4.9e-04
  70500      1.06e+00    9.82e-01      9.70e-03    1.44e-02      4.80e-02    4.42e-02    4.9e-04
  70600      1.04e+00    1.02e+00      2.51e-02    2.10e-02      4.62e-02    4.55e-02    4.9e-04
  70700      1.05e+00    1.01e+00      7.85e-03    1.22e-02      4.75e-02    4.56e-02    4.9e-04
  70800      1.03e+00    1.06e+00      3.01e-02    1.70e-02      4.55e-02    4.76e-02    4.9e-04
  70900      1.07e+00    1.03e+00      3.58e-02    3.03e-02      4.68e-02    4.57e-02    4.9e-04
  71000      1.04e+00    9.16e-01      1.24e-02    1.51e-02      4.70e-02    4.12e-02    4.9e-04
  71100      9.88e-01    9.59e-01      6.93e-03    5.42e-03      4.46e-02    4.34e-02    4.9e-04
  71200      1.03e+00    1.03e+00      9.09e-03    7.09e-03      4.64e-02    4.64e-02    4.9e-04
  71300      1.05e+00    9.66e-01      8.19e-03    2.76e-02      4.72e-02    4.28e-02    4.9e-04
  71400      1.01e+00    9.66e-01      1.11e-02    1.70e-02      4.54e-02    4.34e-02    4.9e-04
  71500      1.02e+00    1.01e+00      8.55e-03    1.92e-02      4.60e-02    4.54e-02    4.9e-04
  71600      1.04e+00    1.03e+00      3.48e-02    3.45e-02      4.54e-02    4.52e-02    4.9e-04
  71700      1.02e+00    1.09e+00      6.67e-03    6.68e-05      4.60e-02    4.91e-02    4.9e-04
  71800      1.16e+00    1.10e+00      3.91e-02    2.98e-02      5.08e-02    4.87e-02    4.9e-04
  71900      1.01e+00    1.08e+00      2.43e-02    2.67e-02      4.51e-02    4.82e-02    4.9e-04
  72000      1.00e+00    9.95e-01      8.36e-03    9.62e-03      4.52e-02    4.49e-02    4.9e-04
  72100      1.16e+00    1.05e+00      8.30e-03    5.93e-03      5.23e-02    4.74e-02    4.9e-04
  72200      9.82e-01    1.07e+00      6.70e-03    1.57e-03      4.44e-02    4.82e-02    4.9e-04
  72300      9.99e-01    8.42e-01      9.78e-03    1.57e-03      4.50e-02    3.81e-02    4.9e-04
  72400      1.10e+00    9.30e-01      1.37e-02    1.19e-02      4.95e-02    4.19e-02    4.9e-04
  72500      1.07e+00    1.10e+00      1.61e-02    1.84e-02      4.79e-02    4.95e-02    4.9e-04
  72600      1.05e+00    1.00e+00      1.66e-02    1.35e-02      4.71e-02    4.53e-02    4.9e-04
  72700      1.05e+00    1.19e+00      1.22e-02    1.68e-02      4.72e-02    5.36e-02    4.9e-04
  72800      9.92e-01    1.01e+00      8.72e-03    5.06e-03      4.47e-02    4.56e-02    4.9e-04
  72900      1.07e+00    1.13e+00      1.32e-02    6.01e-04      4.79e-02    5.11e-02    4.9e-04
  73000      1.06e+00    1.13e+00      1.88e-02    7.97e-03      4.76e-02    5.10e-02    4.9e-04
  73100      1.01e+00    1.03e+00      8.26e-03    1.29e-02      4.54e-02    4.65e-02    4.9e-04
  73200      1.00e+00    1.09e+00      1.35e-02    1.18e-02      4.50e-02    4.93e-02    4.9e-04
  73300      9.91e-01    9.00e-01      6.54e-03    6.66e-03      4.47e-02    4.07e-02    4.9e-04
  73400      1.01e+00    9.66e-01      8.09e-03    7.95e-04      4.58e-02    4.37e-02    4.9e-04
  73500      1.09e+00    1.05e+00      3.03e-02    1.73e-02      4.82e-02    4.72e-02    4.9e-04
  73600      1.00e+00    9.57e-01      2.65e-02    2.16e-02      4.44e-02    4.27e-02    4.9e-04
  73700      1.30e+00    1.30e+00      1.84e-02    1.03e-02      5.86e-02    5.87e-02    4.9e-04
  73800      1.29e+00    1.16e+00      4.38e-02    5.30e-02      5.66e-02    4.99e-02    4.9e-04
  73900      1.01e+00    8.62e-01      1.96e-02    9.41e-03      4.54e-02    3.89e-02    4.9e-04
  74000      1.07e+00    9.13e-01      2.06e-02    1.46e-02      4.79e-02    4.11e-02    4.9e-04
  74100      1.04e+00    1.08e+00      3.42e-02    4.05e-02      4.56e-02    4.73e-02    4.9e-04
  74200      1.04e+00    1.19e+00      6.71e-03    4.77e-03      4.69e-02    5.40e-02    4.9e-04
  74300      1.01e+00    8.97e-01      1.85e-02    2.36e-02      4.54e-02    3.99e-02    4.9e-04
  74400      1.09e+00    1.25e+00      1.37e-02    1.37e-02      4.89e-02    5.62e-02    4.9e-04
  74500      1.04e+00    1.19e+00      1.52e-02    1.36e-02      4.66e-02    5.36e-02    4.9e-04
  74600      9.80e-01    1.03e+00      7.71e-03    2.15e-04      4.42e-02    4.65e-02    4.9e-04
  74700      9.93e-01    9.08e-01      2.27e-02    2.19e-02      4.43e-02    4.05e-02    4.9e-04
  74800      1.03e+00    1.13e+00      1.81e-02    1.94e-02      4.60e-02    5.07e-02    4.9e-04
  74900      9.93e-01    9.58e-01      1.67e-02    7.22e-03      4.45e-02    4.33e-02    4.9e-04
  75000      1.36e+00    1.36e+00      3.19e-02    2.89e-02      6.22e-02    6.25e-02    4.6e-04
  75100      9.82e-01    9.22e-01      8.87e-03    1.74e-02      4.54e-02    4.24e-02    4.6e-04
  75200      9.61e-01    8.18e-01      1.17e-02    4.27e-03      4.44e-02    3.79e-02    4.6e-04
  75300      9.50e-01    9.24e-01      1.08e-02    6.42e-03      4.39e-02    4.29e-02    4.6e-04
  75400      9.50e-01    9.39e-01      8.10e-03    1.24e-02      4.40e-02    4.34e-02    4.6e-04
  75500      9.84e-01    9.44e-01      9.46e-03    5.12e-04      4.55e-02    4.38e-02    4.6e-04
  75600      1.12e+00    1.07e+00      1.51e-02    7.21e-03      5.16e-02    4.96e-02    4.6e-04
  75700      9.90e-01    1.04e+00      6.74e-03    2.42e-04      4.59e-02    4.82e-02    4.6e-04
  75800      9.76e-01    1.06e+00      1.42e-02    2.53e-02      4.50e-02    4.87e-02    4.6e-04
  75900      1.00e+00    1.06e+00      2.77e-02    2.04e-02      4.55e-02    4.85e-02    4.6e-04
  76000      9.88e-01    8.93e-01      1.67e-02    1.95e-02      4.54e-02    4.09e-02    4.6e-04
  76100      1.01e+00    1.06e+00      8.06e-03    1.57e-02      4.68e-02    4.91e-02    4.6e-04
  76200      1.06e+00    1.10e+00      1.27e-02    1.58e-02      4.90e-02    5.06e-02    4.6e-04
  76300      1.18e+00    1.04e+00      1.35e-02    1.49e-02      5.44e-02    4.81e-02    4.6e-04
  76400      1.09e+00    9.94e-01      3.19e-02    1.26e-02      4.91e-02    4.60e-02    4.6e-04
  76500      9.66e-01    1.01e+00      7.69e-03    9.20e-04      4.47e-02    4.70e-02    4.6e-04
  76600      9.73e-01    9.39e-01      6.71e-03    6.12e-03      4.51e-02    4.36e-02    4.6e-04
  76700      9.88e-01    1.04e+00      9.22e-03    1.48e-02      4.57e-02    4.82e-02    4.6e-04
  76800      1.12e+00    1.02e+00      3.27e-02    2.78e-02      5.09e-02    4.66e-02    4.6e-04
  76900      9.56e-01    8.63e-01      2.05e-02    2.42e-02      4.38e-02    3.92e-02    4.6e-04
  77000      9.96e-01    9.63e-01      8.75e-03    1.13e-02      4.61e-02    4.45e-02    4.6e-04
  77100      9.54e-01    8.51e-01      6.71e-03    4.09e-03      4.41e-02    3.95e-02    4.6e-04
  77200      9.54e-01    8.47e-01      9.35e-03    1.65e-02      4.41e-02    3.89e-02    4.6e-04
  77300      9.57e-01    8.71e-01      1.93e-02    1.98e-02      4.39e-02    3.99e-02    4.6e-04
  77400      1.03e+00    9.43e-01      5.48e-02    5.60e-02      4.41e-02    3.95e-02    4.6e-04
  77500      9.59e-01    8.88e-01      1.08e-02    1.03e-02      4.43e-02    4.11e-02    4.6e-04
  77600      9.70e-01    9.80e-01      1.90e-02    2.97e-02      4.45e-02    4.44e-02    4.6e-04
  77700      9.86e-01    9.78e-01      1.32e-02    2.00e-02      4.55e-02    4.49e-02    4.6e-04
  77800      9.68e-01    9.34e-01      1.31e-02    2.02e-02      4.46e-02    4.28e-02    4.6e-04
  77900      9.81e-01    1.03e+00      1.46e-02    1.52e-03      4.52e-02    4.79e-02    4.6e-04
  78000      1.05e+00    9.82e-01      9.02e-03    5.09e-03      4.86e-02    4.55e-02    4.6e-04
  78100      9.49e-01    8.81e-01      1.96e-02    5.36e-03      4.35e-02    4.08e-02    4.6e-04
  78200      9.65e-01    8.67e-01      2.43e-02    3.35e-02      4.40e-02    3.87e-02    4.6e-04
  78300      9.76e-01    9.40e-01      2.61e-02    1.50e-02      4.43e-02    4.33e-02    4.6e-04
  78400      9.52e-01    1.10e+00      7.72e-03    1.73e-04      4.41e-02    5.12e-02    4.6e-04
  78500      9.49e-01    9.53e-01      6.75e-03    1.33e-02      4.40e-02    4.40e-02    4.6e-04
  78600      1.14e+00    1.14e+00      9.91e-03    7.81e-03      5.29e-02    5.31e-02    4.6e-04
  78700      9.74e-01    8.91e-01      7.19e-03    5.33e-03      4.51e-02    4.13e-02    4.6e-04
  78800      9.78e-01    9.69e-01      7.32e-03    2.90e-03      4.53e-02    4.50e-02    4.6e-04
  78900      9.70e-01    1.06e+00      1.70e-02    1.08e-02      4.46e-02    4.90e-02    4.6e-04
  79000      9.72e-01    9.60e-01      1.34e-02    1.88e-02      4.48e-02    4.41e-02    4.6e-04
  79100      9.42e-01    9.91e-01      7.22e-03    6.85e-03      4.36e-02    4.60e-02    4.6e-04
  79200      1.04e+00    1.05e+00      1.44e-02    1.11e-03      4.79e-02    4.85e-02    4.6e-04
  79300      9.90e-01    9.31e-01      1.19e-02    1.12e-02      4.57e-02    4.31e-02    4.6e-04
  79400      9.48e-01    1.03e+00      1.04e-02    1.76e-02      4.38e-02    4.74e-02    4.6e-04
  79500      9.65e-01    8.32e-01      1.89e-02    4.78e-04      4.43e-02    3.86e-02    4.6e-04
  79600      1.06e+00    1.04e+00      1.10e-02    1.11e-03      4.89e-02    4.82e-02    4.6e-04
  79700      9.79e-01    9.21e-01      1.49e-02    9.93e-03      4.51e-02    4.27e-02    4.6e-04
  79800      9.78e-01    9.82e-01      1.54e-02    1.82e-02      4.50e-02    4.52e-02    4.6e-04
  79900      9.87e-01    1.02e+00      1.48e-02    1.64e-02      4.55e-02    4.69e-02    4.6e-04
  80000      9.33e-01    8.45e-01      1.25e-02    8.56e-03      4.41e-02    4.01e-02    4.4e-04
  80100      1.09e+00    1.06e+00      8.55e-03    1.13e-03      5.17e-02    5.03e-02    4.4e-04
  80200      9.56e-01    8.49e-01      2.17e-02    6.63e-03      4.48e-02    4.04e-02    4.4e-04
  80300      9.30e-01    9.10e-01      1.52e-02    2.19e-02      4.39e-02    4.26e-02    4.4e-04
  80400      9.26e-01    9.38e-01      7.74e-03    3.07e-03      4.40e-02    4.46e-02    4.4e-04
  80500      9.23e-01    1.00e+00      1.62e-02    1.98e-02      4.35e-02    4.73e-02    4.4e-04
  80600      9.25e-01    8.40e-01      1.54e-02    5.41e-03      4.37e-02    4.00e-02    4.4e-04
  80700      9.22e-01    8.99e-01      9.10e-03    7.39e-03      4.37e-02    4.27e-02    4.4e-04
  80800      9.20e-01    9.09e-01      8.29e-03    1.08e-02      4.37e-02    4.31e-02    4.4e-04
  80900      1.13e+00    1.07e+00      1.09e-02    3.36e-04      5.34e-02    5.09e-02    4.4e-04
  81000      1.23e+00    1.08e+00      3.42e-02    4.57e-02      5.72e-02    4.88e-02    4.4e-04
  81100      9.33e-01    8.22e-01      6.66e-03    8.34e-03      4.43e-02    3.90e-02    4.4e-04
  81200      1.05e+00    9.48e-01      7.47e-03    4.54e-03      4.99e-02    4.51e-02    4.4e-04
  81300      9.19e-01    9.38e-01      6.62e-03    1.08e-02      4.37e-02    4.45e-02    4.4e-04
  81400      1.06e+00    9.25e-01      1.71e-02    7.83e-03      5.02e-02    4.40e-02    4.4e-04
  81500      9.89e-01    1.01e+00      1.28e-02    1.29e-02      4.68e-02    4.80e-02    4.4e-04
  81600      9.21e-01    8.81e-01      6.61e-03    1.71e-02      4.37e-02    4.15e-02    4.4e-04
  81700      9.42e-01    9.33e-01      7.12e-03    1.88e-02      4.47e-02    4.39e-02    4.4e-04
  81800      9.60e-01    7.83e-01      1.77e-02    2.99e-03      4.52e-02    3.73e-02    4.4e-04
  81900      9.67e-01    8.55e-01      1.14e-02    1.23e-02      4.58e-02    4.05e-02    4.4e-04
  82000      9.25e-01    1.00e+00      8.52e-03    9.64e-03      4.39e-02    4.77e-02    4.4e-04
  82100      9.96e-01    1.09e+00      7.19e-03    2.33e-02      4.73e-02    5.15e-02    4.4e-04
  82200      9.61e-01    9.55e-01      2.48e-02    3.14e-02      4.48e-02    4.41e-02    4.4e-04
  82300      1.00e+00    9.90e-01      8.03e-03    4.86e-03      4.75e-02    4.71e-02    4.4e-04
  82400      9.01e-01    8.38e-01      6.59e-03    1.32e-02      4.28e-02    3.97e-02    4.4e-04
  82500      9.22e-01    8.52e-01      1.28e-02    2.07e-02      4.36e-02    3.99e-02    4.4e-04
  82600      9.46e-01    1.02e+00      2.28e-02    1.11e-02      4.42e-02    4.85e-02    4.4e-04
  82700      9.33e-01    8.72e-01      2.65e-02    2.54e-02      4.34e-02    4.06e-02    4.4e-04
  82800      9.40e-01    9.55e-01      8.07e-03    1.36e-02      4.46e-02    4.52e-02    4.4e-04
  82900      9.93e-01    9.48e-01      2.55e-02    3.02e-02      4.63e-02    4.39e-02    4.4e-04
  83000      9.36e-01    1.09e+00      2.74e-02    3.05e-02      4.34e-02    5.08e-02    4.4e-04
  83100      9.22e-01    9.09e-01      9.86e-03    1.04e-02      4.37e-02    4.32e-02    4.4e-04
  83200      9.22e-01    8.58e-01      1.34e-02    2.22e-02      4.36e-02    4.01e-02    4.4e-04
  83300      1.02e+00    1.03e+00      2.24e-02    2.03e-02      4.76e-02    4.86e-02    4.4e-04
  83400      9.25e-01    9.19e-01      9.80e-03    9.93e-03      4.38e-02    4.36e-02    4.4e-04
  83500      9.42e-01    8.90e-01      7.85e-03    5.63e-03      4.47e-02    4.24e-02    4.4e-04
  83600      9.27e-01    8.98e-01      8.02e-03    5.71e-03      4.40e-02    4.27e-02    4.4e-04
  83700      1.06e+00    9.30e-01      1.70e-02    2.30e-02      4.99e-02    4.36e-02    4.4e-04
  83800      9.27e-01    8.80e-01      6.81e-03    4.21e-03      4.40e-02    4.19e-02    4.4e-04
  83900      9.48e-01    8.95e-01      8.96e-03    1.69e-02      4.50e-02    4.22e-02    4.4e-04
  84000      9.42e-01    1.02e+00      6.70e-03    3.41e-03      4.47e-02    4.85e-02    4.4e-04
  84100      9.53e-01    1.05e+00      2.47e-02    3.23e-02      4.44e-02    4.88e-02    4.4e-04
  84200      9.42e-01    1.02e+00      8.30e-03    3.48e-04      4.47e-02    4.87e-02    4.4e-04
  84300      9.50e-01    8.42e-01      8.98e-03    1.82e-03      4.51e-02    4.01e-02    4.4e-04
  84400      9.77e-01    9.97e-01      7.45e-03    1.18e-03      4.64e-02    4.75e-02    4.4e-04
  84500      9.12e-01    8.63e-01      1.32e-02    2.27e-02      4.31e-02    4.03e-02    4.4e-04
  84600      9.74e-01    9.72e-01      7.23e-03    5.81e-04      4.63e-02    4.63e-02    4.4e-04
  84700      9.90e-01    1.07e+00      2.40e-02    2.30e-02      4.63e-02    5.06e-02    4.4e-04
  84800      9.27e-01    8.47e-01      2.23e-02    2.42e-02      4.34e-02    3.94e-02    4.4e-04
  84900      9.32e-01    8.91e-01      7.19e-03    9.54e-04      4.43e-02    4.24e-02    4.4e-04
  85000      8.94e-01    8.92e-01      9.53e-03    9.59e-03      4.35e-02    4.34e-02    4.2e-04
  85100      8.98e-01    8.23e-01      1.23e-02    7.94e-03      4.35e-02    4.01e-02    4.2e-04
  85200      9.47e-01    8.78e-01      1.19e-02    5.88e-03      4.60e-02    4.29e-02    4.2e-04
  85300      8.89e-01    8.20e-01      6.94e-03    1.17e-03      4.33e-02    4.01e-02    4.2e-04
  85400      8.91e-01    7.86e-01      9.36e-03    2.94e-04      4.34e-02    3.84e-02    4.2e-04
  85500      9.07e-01    9.24e-01      7.14e-03    8.73e-03      4.42e-02    4.50e-02    4.2e-04
  85600      9.04e-01    8.81e-01      6.67e-03    8.54e-04      4.40e-02    4.31e-02    4.2e-04
  85700      9.01e-01    8.74e-01      1.31e-02    2.73e-02      4.36e-02    4.15e-02    4.2e-04
  85800      8.96e-01    8.71e-01      7.42e-03    9.93e-04      4.36e-02    4.26e-02    4.2e-04
  85900      8.97e-01    8.65e-01      6.73e-03    4.33e-03      4.37e-02    4.22e-02    4.2e-04
  86000      9.39e-01    7.50e-01      2.16e-02    1.61e-03      4.51e-02    3.66e-02    4.2e-04
  86100      8.98e-01    8.70e-01      2.17e-02    2.40e-02      4.30e-02    4.16e-02    4.2e-04
  86200      8.84e-01    8.79e-01      7.28e-03    3.27e-03      4.31e-02    4.29e-02    4.2e-04
  86300      9.01e-01    8.31e-01      6.71e-03    2.93e-03      4.39e-02    4.06e-02    4.2e-04
  86400      9.09e-01    8.14e-01      9.54e-03    2.65e-03      4.42e-02    3.97e-02    4.2e-04
  86500      8.88e-01    8.34e-01      1.65e-02    1.98e-02      4.28e-02    4.01e-02    4.2e-04
  86600      9.68e-01    9.72e-01      1.95e-02    1.67e-02      4.67e-02    4.71e-02    4.2e-04
  86700      9.14e-01    8.49e-01      1.24e-02    1.61e-03      4.43e-02    4.15e-02    4.2e-04
  86800      9.23e-01    8.25e-01      1.60e-02    4.12e-03      4.46e-02    4.03e-02    4.2e-04
  86900      8.92e-01    8.88e-01      7.31e-03    3.40e-03      4.34e-02    4.34e-02    4.2e-04
  87000      9.26e-01    9.45e-01      3.02e-02    2.93e-02      4.38e-02    4.49e-02    4.2e-04
  87100      9.55e-01    9.83e-01      6.83e-03    1.69e-02      4.66e-02    4.76e-02    4.2e-04
  87200      9.37e-01    7.77e-01      8.87e-03    8.10e-03      4.56e-02    3.79e-02    4.2e-04
  87300      1.01e+00    1.00e+00      9.01e-03    3.40e-03      4.92e-02    4.91e-02    4.2e-04
  87400      9.29e-01    8.37e-01      6.96e-03    1.02e-02      4.53e-02    4.07e-02    4.2e-04
  87500      9.15e-01    8.21e-01      1.48e-02    2.43e-02      4.43e-02    3.91e-02    4.2e-04
  87600      9.67e-01    1.70e+00      2.13e-02    1.44e-02      4.65e-02    8.30e-02    4.2e-04
  87700      9.16e-01    8.21e-01      2.70e-02    9.23e-03      4.35e-02    4.00e-02    4.2e-04
  87800      9.01e-01    9.47e-01      2.06e-02    1.76e-02      4.32e-02    4.58e-02    4.2e-04
  87900      9.05e-01    8.10e-01      1.18e-02    1.30e-02      4.39e-02    3.93e-02    4.2e-04
  88000      9.19e-01    8.27e-01      2.31e-02    2.02e-02      4.40e-02    3.97e-02    4.2e-04
  88100      9.34e-01    9.26e-01      6.83e-03    6.54e-04      4.55e-02    4.52e-02    4.2e-04
  88200      9.01e-01    9.44e-01      2.79e-02    1.09e-02      4.27e-02    4.60e-02    4.2e-04
  88300      9.00e-01    9.82e-01      9.91e-03    1.31e-02      4.38e-02    4.78e-02    4.2e-04
  88400      8.88e-01    7.98e-01      9.40e-03    6.94e-03      4.32e-02    3.89e-02    4.2e-04
  88500      9.05e-01    8.56e-01      9.97e-03    2.58e-06      4.40e-02    4.18e-02    4.2e-04
  88600      8.87e-01    9.11e-01      1.74e-02    2.37e-02      4.28e-02    4.37e-02    4.2e-04
  88700      9.09e-01    8.36e-01      8.82e-03    8.70e-03      4.42e-02    4.07e-02    4.2e-04
  88800      9.15e-01    8.09e-01      1.99e-02    1.43e-02      4.40e-02    3.92e-02    4.2e-04
  88900      8.92e-01    9.26e-01      1.07e-02    1.48e-02      4.33e-02    4.49e-02    4.2e-04
  89000      9.45e-01    9.26e-01      1.04e-02    3.51e-03      4.59e-02    4.52e-02    4.2e-04
  89100      9.27e-01    8.84e-01      1.13e-02    1.15e-02      4.50e-02    4.30e-02    4.2e-04
  89200      9.00e-01    1.12e+00      6.91e-03    8.32e-03      4.38e-02    5.45e-02    4.2e-04
  89300      8.82e-01    1.02e+00      9.92e-03    1.05e-02      4.28e-02    4.99e-02    4.2e-04
  89400      8.81e-01    8.92e-01      8.36e-03    4.81e-03      4.28e-02    4.36e-02    4.2e-04
  89500      8.94e-01    8.66e-01      6.62e-03    6.31e-03      4.36e-02    4.23e-02    4.2e-04
  89600      8.87e-01    8.25e-01      1.15e-02    7.11e-03      4.30e-02    4.02e-02    4.2e-04
  89700      9.19e-01    8.94e-01      7.48e-03    6.43e-03      4.47e-02    4.36e-02    4.2e-04
  89800      8.83e-01    8.47e-01      1.02e-02    5.62e-03      4.29e-02    4.14e-02    4.2e-04
  89900      9.74e-01    9.78e-01      9.27e-03    8.44e-03      4.74e-02    4.77e-02    4.2e-04
  90000      8.94e-01    8.35e-01      2.44e-02    2.82e-02      4.37e-02    4.04e-02    4.0e-04
  90100      8.64e-01    8.60e-01      8.44e-03    8.05e-03      4.31e-02    4.30e-02    4.0e-04
  90200      9.94e-01    1.01e+00      6.48e-03    7.09e-03      4.97e-02    5.03e-02    4.0e-04
  90300      9.07e-01    9.59e-01      8.59e-03    1.51e-02      4.53e-02    4.77e-02    4.0e-04
  90400      1.02e+00    1.17e+00      8.82e-03    1.08e-02      5.09e-02    5.84e-02    4.0e-04
  90500      8.78e-01    7.85e-01      1.47e-02    2.75e-02      4.35e-02    3.79e-02    4.0e-04
  90600      1.02e+00    1.06e+00      9.02e-03    1.13e-02      5.08e-02    5.31e-02    4.0e-04
  90700      9.76e-01    9.70e-01      1.91e-02    2.12e-02      4.82e-02    4.79e-02    4.0e-04
  90800      8.60e-01    8.57e-01      1.01e-02    2.24e-03      4.28e-02    4.29e-02    4.0e-04
  90900      9.06e-01    8.64e-01      2.81e-02    1.84e-02      4.40e-02    4.28e-02    4.0e-04
  91000      8.96e-01    8.51e-01      1.74e-02    3.79e-03      4.43e-02    4.27e-02    4.0e-04
  91100      8.90e-01    9.88e-01      1.61e-02    1.33e-02      4.41e-02    4.93e-02    4.0e-04
  91200      8.58e-01    9.51e-01      1.36e-02    1.57e-02      4.26e-02    4.73e-02    4.0e-04
  91300      8.76e-01    8.02e-01      8.96e-03    9.98e-03      4.37e-02    4.00e-02    4.0e-04
  91400      9.16e-01    9.24e-01      1.73e-02    1.53e-02      4.53e-02    4.59e-02    4.0e-04
  91500      9.10e-01    7.91e-01      3.41e-02    1.05e-02      4.36e-02    3.95e-02    4.0e-04
  91600      8.51e-01    7.55e-01      9.06e-03    7.18e-03      4.24e-02    3.77e-02    4.0e-04
  91700      8.91e-01    8.90e-01      1.87e-02    3.97e-02      4.40e-02    4.19e-02    4.0e-04
  91800      9.03e-01    9.75e-01      3.11e-02    4.07e-02      4.36e-02    4.63e-02    4.0e-04
  91900      9.22e-01    8.71e-01      8.89e-03    7.99e-03      4.60e-02    4.36e-02    4.0e-04
  92000      9.19e-01    1.08e+00      2.88e-02    2.83e-02      4.46e-02    5.30e-02    4.0e-04
  92100      8.72e-01    8.16e-01      1.81e-02    1.92e-02      4.31e-02    4.02e-02    4.0e-04
  92200      8.85e-01    7.78e-01      2.35e-02    1.96e-02      4.33e-02    3.83e-02    4.0e-04
  92300      8.66e-01    8.01e-01      1.46e-02    9.65e-03      4.29e-02    4.00e-02    4.0e-04
  92400      9.29e-01    1.01e+00      7.11e-03    5.61e-03      4.64e-02    5.08e-02    4.0e-04
  92500      8.89e-01    8.85e-01      6.85e-03    7.77e-03      4.44e-02    4.43e-02    4.0e-04
  92600      8.69e-01    9.71e-01      8.01e-03    6.09e-03      4.34e-02    4.86e-02    4.0e-04
  92700      8.48e-01    8.70e-01      7.66e-03    4.06e-03      4.23e-02    4.36e-02    4.0e-04
  92800      8.58e-01    7.83e-01      7.26e-03    1.66e-04      4.28e-02    3.92e-02    4.0e-04
  92900      9.30e-01    1.02e+00      1.66e-02    9.70e-03      4.60e-02    5.11e-02    4.0e-04
  93000      8.71e-01    1.00e+00      1.80e-02    8.30e-03      4.30e-02    5.00e-02    4.0e-04
  93100      8.58e-01    8.50e-01      7.09e-03    9.08e-04      4.28e-02    4.26e-02    4.0e-04
  93200      8.65e-01    8.25e-01      1.28e-02    1.21e-02      4.30e-02    4.11e-02    4.0e-04
  93300      9.03e-01    9.69e-01      1.94e-02    6.12e-03      4.46e-02    4.85e-02    4.0e-04
  93400      9.54e-01    8.44e-01      1.42e-02    2.62e-03      4.74e-02    4.23e-02    4.0e-04
  93500      9.24e-01    1.13e+00      7.09e-03    2.55e-03      4.62e-02    5.68e-02    4.0e-04
  93600      8.78e-01    8.56e-01      9.52e-03    1.24e-02      4.38e-02    4.26e-02    4.0e-04
  93700      8.64e-01    8.09e-01      1.12e-02    3.74e-03      4.30e-02    4.05e-02    4.0e-04
  93800      9.42e-01    9.09e-01      6.83e-03    4.44e-03      4.71e-02    4.55e-02    4.0e-04
  93900      9.15e-01    8.87e-01      4.28e-02    1.90e-02      4.27e-02    4.39e-02    4.0e-04
  94000      9.79e-01    8.86e-01      7.09e-03    1.05e-03      4.89e-02    4.44e-02    4.0e-04
  94100      8.84e-01    8.66e-01      1.97e-02    2.53e-02      4.36e-02    4.23e-02    4.0e-04
  94200      8.68e-01    8.00e-01      7.45e-03    8.25e-03      4.33e-02    4.00e-02    4.0e-04
  94300      8.62e-01    8.57e-01      6.92e-03    4.67e-04      4.31e-02    4.30e-02    4.0e-04
  94400      8.62e-01    8.48e-01      7.85e-03    8.71e-03      4.30e-02    4.24e-02    4.0e-04
  94500      8.94e-01    9.81e-01      1.51e-02    1.03e-02      4.43e-02    4.90e-02    4.0e-04
  94600      9.86e-01    8.00e-01      3.20e-02    2.77e-02      4.78e-02    3.87e-02    4.0e-04
  94700      8.64e-01    9.34e-01      2.42e-02    9.36e-03      4.21e-02    4.67e-02    4.0e-04
  94800      8.60e-01    8.72e-01      7.93e-03    7.89e-03      4.29e-02    4.36e-02    4.0e-04
  94900      9.90e-01    1.06e+00      8.40e-03    8.17e-03      4.95e-02    5.31e-02    4.0e-04
  95000      8.62e-01    8.88e-01      6.92e-03    1.46e-04      4.42e-02    4.57e-02    3.8e-04
  95100      9.11e-01    9.54e-01      7.10e-03    4.75e-04      4.67e-02    4.90e-02    3.8e-04
  95200      8.44e-01    7.40e-01      1.32e-02    5.74e-03      4.30e-02    3.80e-02    3.8e-04
  95300      8.44e-01    8.55e-01      1.09e-02    4.52e-03      4.30e-02    4.40e-02    3.8e-04
  95400      8.25e-01    8.22e-01      7.53e-03    5.54e-03      4.23e-02    4.22e-02    3.8e-04
  95500      8.58e-01    8.91e-01      9.26e-03    2.11e-03      4.39e-02    4.58e-02    3.8e-04
  95600      8.45e-01    8.89e-01      1.20e-02    1.40e-02      4.31e-02    4.54e-02    3.8e-04
  95700      8.69e-01    7.81e-01      1.51e-02    8.95e-03      4.41e-02    4.00e-02    3.8e-04
  95800      9.48e-01    9.08e-01      8.27e-03    6.37e-03      4.86e-02    4.66e-02    3.8e-04
  95900      8.91e-01    8.77e-01      2.09e-02    2.21e-02      4.50e-02    4.43e-02    3.8e-04
  96000      8.36e-01    8.15e-01      7.17e-03    6.86e-03      4.28e-02    4.18e-02    3.8e-04
  96100      1.10e+00    1.05e+00      3.75e-02    4.18e-02      5.44e-02    5.14e-02    3.8e-04
  96200      8.40e-01    8.40e-01      2.12e-02    8.99e-03      4.22e-02    4.30e-02    3.8e-04
  96300      8.87e-01    8.98e-01      1.54e-02    2.81e-03      4.51e-02    4.62e-02    3.8e-04
  96400      8.19e-01    7.95e-01      6.80e-03    8.29e-03      4.20e-02    4.07e-02    3.8e-04
  96500      8.85e-01    8.76e-01      7.29e-03    1.15e-02      4.54e-02    4.48e-02    3.8e-04
  96600      9.95e-01    1.01e+00      9.40e-03    3.00e-03      5.10e-02    5.18e-02    3.8e-04
  96700      8.49e-01    9.03e-01      1.94e-02    2.54e-02      4.28e-02    4.53e-02    3.8e-04
  96800      8.76e-01    8.79e-01      1.21e-02    2.26e-02      4.47e-02    4.43e-02    3.8e-04
  96900      9.21e-01    9.82e-01      7.22e-03    6.62e-03      4.72e-02    5.04e-02    3.8e-04
  97000      8.39e-01    8.13e-01      1.47e-02    2.37e-03      4.26e-02    4.18e-02    3.8e-04
  97100      8.71e-01    7.14e-01      2.32e-02    6.85e-03      4.37e-02    3.66e-02    3.8e-04
  97200      8.44e-01    7.30e-01      1.15e-02    1.42e-02      4.30e-02    3.71e-02    3.8e-04
  97300      8.70e-01    7.15e-01      8.07e-03    6.50e-04      4.45e-02    3.68e-02    3.8e-04
  97400      9.16e-01    9.05e-01      1.77e-02    1.22e-02      4.64e-02    4.63e-02    3.8e-04
  97500      8.61e-01    8.24e-01      1.18e-02    1.34e-02      4.39e-02    4.21e-02    3.8e-04
  97600      8.50e-01    9.63e-01      1.63e-02    1.49e-02      4.31e-02    4.92e-02    3.8e-04
  97700      8.77e-01    7.63e-01      7.07e-03    6.08e-03      4.50e-02    3.92e-02    3.8e-04
  97800      9.67e-01    1.07e+00      2.59e-02    3.05e-02      4.85e-02    5.36e-02    3.8e-04
  97900      8.47e-01    8.87e-01      6.79e-03    1.98e-02      4.34e-02    4.50e-02    3.8e-04
  98000      9.10e-01    9.75e-01      3.63e-02    4.12e-02      4.44e-02    4.73e-02    3.8e-04
  98100      8.46e-01    8.37e-01      2.60e-02    2.10e-02      4.21e-02    4.22e-02    3.8e-04
  98200      8.53e-01    8.92e-01      1.61e-02    1.98e-02      4.32e-02    4.52e-02    3.8e-04
  98300      8.53e-01    1.05e+00      7.40e-03    6.81e-03      4.37e-02    5.41e-02    3.8e-04
  98400      8.35e-01    7.95e-01      8.95e-03    3.30e-03      4.26e-02    4.09e-02    3.8e-04
  98500      8.22e-01    7.89e-01      7.40e-03    8.83e-03      4.21e-02    4.04e-02    3.8e-04
  98600      8.44e-01    8.01e-01      8.14e-03    2.11e-03      4.32e-02    4.12e-02    3.8e-04
  98700      8.58e-01    7.83e-01      8.17e-03    1.31e-02      4.39e-02    3.99e-02    3.8e-04
  98800      8.91e-01    8.73e-01      9.04e-03    5.58e-03      4.56e-02    4.48e-02    3.8e-04
  98900      8.81e-01    9.08e-01      8.23e-03    8.34e-03      4.51e-02    4.66e-02    3.8e-04
  99000      8.29e-01    8.10e-01      8.06e-03    2.00e-04      4.24e-02    4.17e-02    3.8e-04
  99100      8.49e-01    6.96e-01      7.01e-03    2.31e-03      4.35e-02    3.58e-02    3.8e-04
  99200      8.63e-01    8.43e-01      6.67e-03    5.82e-04      4.42e-02    4.34e-02    3.8e-04
  99300      8.95e-01    9.55e-01      1.15e-02    1.92e-02      4.57e-02    4.85e-02    3.8e-04
  99400      8.78e-01    8.97e-01      7.05e-03    5.41e-03      4.50e-02    4.61e-02    3.8e-04
  99500      9.21e-01    9.92e-01      2.23e-02    8.09e-03      4.64e-02    5.09e-02    3.8e-04
  99600      9.09e-01    8.70e-01      2.17e-02    2.71e-02      4.58e-02    4.34e-02    3.8e-04
  99700      8.42e-01    7.94e-01      6.87e-03    8.55e-03      4.31e-02    4.07e-02    3.8e-04
  99800      8.30e-01    7.50e-01      6.80e-03    3.54e-03      4.25e-02    3.85e-02    3.8e-04
  99900      8.50e-01    8.19e-01      6.78e-03    2.32e-03      4.36e-02    4.21e-02    3.8e-04
 100000      8.27e-01    6.69e-01      1.36e-02    1.42e-02      4.32e-02    3.48e-02    3.6e-04
 100100      9.34e-01    8.28e-01      2.69e-02    2.47e-02      4.78e-02    4.25e-02    3.6e-04
 100200      8.26e-01    6.96e-01      2.05e-02    1.38e-02      4.26e-02    3.63e-02    3.6e-04
 100300      8.72e-01    8.44e-01      1.74e-02    3.23e-02      4.53e-02    4.25e-02    3.6e-04
 100400      8.26e-01    9.01e-01      8.22e-03    1.08e-03      4.34e-02    4.75e-02    3.6e-04
 100500      8.02e-01    8.01e-01      1.07e-02    1.35e-02      4.19e-02    4.19e-02    3.6e-04
 100600      8.19e-01    7.34e-01      1.55e-02    1.82e-02      4.26e-02    3.80e-02    3.6e-04
 100700      8.53e-01    8.13e-01      6.88e-03    1.16e-02      4.48e-02    4.26e-02    3.6e-04
 100800      8.29e-01    7.08e-01      6.78e-03    5.35e-03      4.35e-02    3.73e-02    3.6e-04
